#
# There is insufficient memory for the Java Runtime Environment to continue.
# Native memory allocation (malloc) failed to allocate 1841136 bytes for Chunk::new
# Possible reasons:
#   The system is out of physical RAM or swap space
#   The process is running with CompressedOops enabled, and the Java Heap may be blocking the growth of the native heap
# Possible solutions:
#   Reduce memory load on the system
#   Increase physical memory or swap space
#   Check if swap backing store is full
#   Decrease Java heap size (-Xmx/-Xms)
#   Decrease number of Java threads
#   Decrease Java thread stack sizes (-Xss)
#   Set larger code cache with -XX:ReservedCodeCacheSize=
#   JVM is running with Unscaled Compressed Oops mode in which the Java heap is
#     placed in the first 4GB address space. The Java Heap base address is the
#     maximum limit for the native heap growth. Please use -XX:HeapBaseMinAddress
#     to set the Java Heap base and to place the Java Heap above 4GB virtual address.
# This output file may be truncated or incomplete.
#
#  Out of Memory Error (arena.cpp:168), pid=2776, tid=12228
#
# JRE version: Java(TM) SE Runtime Environment (21.0.2+13) (build 21.0.2+13-LTS-58)
# Java VM: Java HotSpot(TM) 64-Bit Server VM (21.0.2+13-LTS-58, mixed mode, sharing, tiered, compressed oops, compressed class ptrs, g1 gc, windows-amd64)
# No core dump will be written. Minidumps are not enabled by default on client versions of Windows
#

---------------  S U M M A R Y ------------

Command Line: --add-opens=java.base/java.lang=ALL-UNNAMED --add-opens=java.base/java.lang.invoke=ALL-UNNAMED --add-opens=java.base/java.util=ALL-UNNAMED --add-opens=java.prefs/java.util.prefs=ALL-UNNAMED --add-exports=jdk.compiler/com.sun.tools.javac.api=ALL-UNNAMED --add-exports=jdk.compiler/com.sun.tools.javac.util=ALL-UNNAMED --add-opens=java.base/java.util=ALL-UNNAMED --add-opens=java.prefs/java.util.prefs=ALL-UNNAMED --add-opens=java.base/java.nio.charset=ALL-UNNAMED --add-opens=java.base/java.net=ALL-UNNAMED --add-opens=java.base/java.util.concurrent.atomic=ALL-UNNAMED --add-opens=java.xml/javax.xml.namespace=ALL-UNNAMED -XX:MaxMetaspaceSize=384m -XX:+HeapDumpOnOutOfMemoryError -Xms256m -Xmx512m -Dfile.encoding=windows-1252 -Duser.country=IN -Duser.language=en -Duser.variant -javaagent:C:\Users\pcmake\.gradle\wrapper\dists\gradle-8.12.1-bin\eumc4uhoysa37zql93vfjkxy0\gradle-8.12.1\lib\agents\gradle-instrumentation-agent-8.12.1.jar org.gradle.launcher.daemon.bootstrap.GradleDaemon 8.12.1

Host: Intel(R) Core(TM) i3-1005G1 CPU @ 1.20GHz, 4 cores, 3G,  Windows 11 , 64 bit Build 22621 (10.0.22621.4391)
Time: Tue Feb 11 00:54:38 2025 India Standard Time elapsed time: 73.357163 seconds (0d 0h 1m 13s)

---------------  T H R E A D  ---------------

Current thread (0x00000216db68a0c0):  JavaThread "C2 CompilerThread0" daemon [_thread_in_native, id=12228, stack(0x000000b993200000,0x000000b993300000) (1024K)]


Current CompileTask:
C2:  73365 4365   !   4       java.lang.ClassLoader::loadClass (121 bytes)

Stack: [0x000000b993200000,0x000000b993300000]
Native frames: (J=compiled Java code, j=interpreted, Vv=VM code, C=native code)
V  [jvm.dll+0x6cade9]
V  [jvm.dll+0x8569c1]
V  [jvm.dll+0x858d2e]
V  [jvm.dll+0x859413]
V  [jvm.dll+0x280e56]
V  [jvm.dll+0xc3f3d]
V  [jvm.dll+0xc4473]
V  [jvm.dll+0x3b5bf2]
V  [jvm.dll+0x382855]
V  [jvm.dll+0x381cca]
V  [jvm.dll+0x249bd0]
V  [jvm.dll+0x2491b1]
V  [jvm.dll+0x1c9634]
V  [jvm.dll+0x258859]
V  [jvm.dll+0x256e3a]
V  [jvm.dll+0x3ef6c6]
V  [jvm.dll+0x7ff568]
V  [jvm.dll+0x6c953d]
C  [ucrtbase.dll+0x29333]
C  [KERNEL32.DLL+0x1259d]
C  [ntdll.dll+0x5af38]


---------------  P R O C E S S  ---------------

Threads class SMR info:
_java_thread_list=0x00000216f62d1c70, length=35, elements={
0x00000216c130a6c0, 0x00000216db67abb0, 0x00000216db67b9c0, 0x00000216db67f290,
0x00000216db680090, 0x00000216db680be0, 0x00000216db681ed0, 0x00000216db68a0c0,
0x00000216db68c310, 0x00000216db645fc0, 0x00000216db9ab650, 0x00000216f5b010c0,
0x00000216f661d720, 0x00000216f66c0e50, 0x00000216f59f3660, 0x00000216f59f40a0,
0x00000216f607d020, 0x00000216f607d690, 0x00000216f672d5d0, 0x00000216f672c8b0,
0x00000216f672bb90, 0x00000216f672cf40, 0x00000216f672e2f0, 0x00000216f672dc60,
0x00000216f672b500, 0x00000216f672e980, 0x00000216f78aa0a0, 0x00000216f78a6c20,
0x00000216f78a7fd0, 0x00000216f78a6590, 0x00000216f78a72b0, 0x00000216f78a9a10,
0x00000216f78a8660, 0x00000216f78a8cf0, 0x00000216f78a4b50
}

Java Threads: ( => current thread )
  0x00000216c130a6c0 JavaThread "main"                              [_thread_blocked, id=2056, stack(0x000000b992400000,0x000000b992500000) (1024K)]
  0x00000216db67abb0 JavaThread "Reference Handler"          daemon [_thread_blocked, id=9240, stack(0x000000b992c00000,0x000000b992d00000) (1024K)]
  0x00000216db67b9c0 JavaThread "Finalizer"                  daemon [_thread_blocked, id=8892, stack(0x000000b992d00000,0x000000b992e00000) (1024K)]
  0x00000216db67f290 JavaThread "Signal Dispatcher"          daemon [_thread_blocked, id=10272, stack(0x000000b992e00000,0x000000b992f00000) (1024K)]
  0x00000216db680090 JavaThread "Attach Listener"            daemon [_thread_blocked, id=16548, stack(0x000000b992f00000,0x000000b993000000) (1024K)]
  0x00000216db680be0 JavaThread "Service Thread"             daemon [_thread_blocked, id=12148, stack(0x000000b993000000,0x000000b993100000) (1024K)]
  0x00000216db681ed0 JavaThread "Monitor Deflation Thread"   daemon [_thread_blocked, id=7820, stack(0x000000b993100000,0x000000b993200000) (1024K)]
=>0x00000216db68a0c0 JavaThread "C2 CompilerThread0"         daemon [_thread_in_native, id=12228, stack(0x000000b993200000,0x000000b993300000) (1024K)]
  0x00000216db68c310 JavaThread "C1 CompilerThread0"         daemon [_thread_blocked, id=2848, stack(0x000000b993300000,0x000000b993400000) (1024K)]
  0x00000216db645fc0 JavaThread "Common-Cleaner"             daemon [_thread_blocked, id=16552, stack(0x000000b993400000,0x000000b993500000) (1024K)]
  0x00000216db9ab650 JavaThread "Notification Thread"        daemon [_thread_blocked, id=16192, stack(0x000000b993500000,0x000000b993600000) (1024K)]
  0x00000216f5b010c0 JavaThread "Daemon health stats"               [_thread_blocked, id=11068, stack(0x000000b993900000,0x000000b993a00000) (1024K)]
  0x00000216f661d720 JavaThread "Incoming local TCP Connector on port 59251"        [_thread_in_native, id=8220, stack(0x000000b993a00000,0x000000b993b00000) (1024K)]
  0x00000216f66c0e50 JavaThread "Daemon periodic checks"            [_thread_blocked, id=10724, stack(0x000000b993b00000,0x000000b993c00000) (1024K)]
  0x00000216f59f3660 JavaThread "Daemon"                            [_thread_blocked, id=13532, stack(0x000000b993c00000,0x000000b993d00000) (1024K)]
  0x00000216f59f40a0 JavaThread "Handler for socket connection from /127.0.0.1:59251 to /127.0.0.1:59253"        [_thread_in_native, id=18196, stack(0x000000b993d00000,0x000000b993e00000) (1024K)]
  0x00000216f607d020 JavaThread "Cancel handler"                    [_thread_blocked, id=18136, stack(0x000000b993e00000,0x000000b993f00000) (1024K)]
  0x00000216f607d690 JavaThread "Daemon worker"                     [_thread_in_Java, id=15908, stack(0x000000b993f00000,0x000000b994000000) (1024K)]
  0x00000216f672d5d0 JavaThread "Asynchronous log dispatcher for DefaultDaemonConnection: socket connection from /127.0.0.1:59251 to /127.0.0.1:59253"        [_thread_blocked, id=1468, stack(0x000000b994000000,0x000000b994100000) (1024K)]
  0x00000216f672c8b0 JavaThread "Stdin handler"                     [_thread_blocked, id=14588, stack(0x000000b994100000,0x000000b994200000) (1024K)]
  0x00000216f672bb90 JavaThread "Daemon client event forwarder"        [_thread_blocked, id=5796, stack(0x000000b994200000,0x000000b994300000) (1024K)]
  0x00000216f672cf40 JavaThread "Cache worker for journal cache (C:\Users\pcmake\.gradle\caches\journal-1)"        [_thread_blocked, id=11740, stack(0x000000b994300000,0x000000b994400000) (1024K)]
  0x00000216f672e2f0 JavaThread "File lock request listener"        [_thread_in_native, id=9724, stack(0x000000b994400000,0x000000b994500000) (1024K)]
  0x00000216f672dc60 JavaThread "Cache worker for file hash cache (C:\Users\pcmake\.gradle\caches\8.12.1\fileHashes)"        [_thread_blocked, id=3840, stack(0x000000b994500000,0x000000b994600000) (1024K)]
  0x00000216f672b500 JavaThread "File lock release action executor"        [_thread_blocked, id=17024, stack(0x000000b994600000,0x000000b994700000) (1024K)]
  0x00000216f672e980 JavaThread "Cache worker for file hash cache (C:\Users\pcmake\Downloads\taskmanager\taskmanager\.gradle\8.12.1\fileHashes)"        [_thread_blocked, id=8392, stack(0x000000b994700000,0x000000b994800000) (1024K)]
  0x00000216f78aa0a0 JavaThread "Cache worker for Build Output Cleanup Cache (C:\Users\pcmake\Downloads\taskmanager\taskmanager\.gradle\buildOutputCleanup)"        [_thread_blocked, id=17912, stack(0x000000b994800000,0x000000b994900000) (1024K)]
  0x00000216f78a6c20 JavaThread "File watcher server"        daemon [_thread_in_native, id=13260, stack(0x000000b994900000,0x000000b994a00000) (1024K)]
  0x00000216f78a7fd0 JavaThread "File watcher consumer"      daemon [_thread_blocked, id=12968, stack(0x000000b994a00000,0x000000b994b00000) (1024K)]
  0x00000216f78a6590 JavaThread "jar transforms"                    [_thread_blocked, id=7016, stack(0x000000b994b00000,0x000000b994c00000) (1024K)]
  0x00000216f78a72b0 JavaThread "jar transforms Thread 2"           [_thread_blocked, id=7916, stack(0x000000b994c00000,0x000000b994d00000) (1024K)]
  0x00000216f78a9a10 JavaThread "Cache worker for checksums cache (C:\Users\pcmake\Downloads\taskmanager\taskmanager\.gradle\8.12.1\checksums)"        [_thread_blocked, id=13880, stack(0x000000b994d00000,0x000000b994e00000) (1024K)]
  0x00000216f78a8660 JavaThread "Cache worker for file content cache (C:\Users\pcmake\.gradle\caches\8.12.1\fileContent)"        [_thread_blocked, id=18300, stack(0x000000b994e00000,0x000000b994f00000) (1024K)]
  0x00000216f78a8cf0 JavaThread "jar transforms Thread 3"           [_thread_blocked, id=12516, stack(0x000000b994f00000,0x000000b995000000) (1024K)]
  0x00000216f78a4b50 JavaThread "jar transforms Thread 4"           [_thread_blocked, id=6764, stack(0x000000b995000000,0x000000b995100000) (1024K)]
Total: 35

Other Threads:
  0x00000216db65d150 VMThread "VM Thread"                           [id=12260, stack(0x000000b992b00000,0x000000b992c00000) (1024K)]
  0x00000216db6434a0 WatcherThread "VM Periodic Task Thread"        [id=8168, stack(0x000000b992a00000,0x000000b992b00000) (1024K)]
  0x00000216c1332e00 WorkerThread "GC Thread#0"                     [id=10040, stack(0x000000b992500000,0x000000b992600000) (1024K)]
  0x00000216dbaee120 WorkerThread "GC Thread#1"                     [id=15708, stack(0x000000b993600000,0x000000b993700000) (1024K)]
  0x00000216dbaee4c0 WorkerThread "GC Thread#2"                     [id=3300, stack(0x000000b993700000,0x000000b993800000) (1024K)]
  0x00000216dbaf0870 WorkerThread "GC Thread#3"                     [id=11176, stack(0x000000b993800000,0x000000b993900000) (1024K)]
  0x00000216c13395e0 ConcurrentGCThread "G1 Main Marker"            [id=17216, stack(0x000000b992600000,0x000000b992700000) (1024K)]
  0x00000216c1339f80 WorkerThread "G1 Conc#0"                       [id=14880, stack(0x000000b992700000,0x000000b992800000) (1024K)]
  0x00000216c13ceb10 ConcurrentGCThread "G1 Refine#0"               [id=7472, stack(0x000000b992800000,0x000000b992900000) (1024K)]
  0x00000216db517750 ConcurrentGCThread "G1 Service"                [id=9484, stack(0x000000b992900000,0x000000b992a00000) (1024K)]
Total: 10

Threads with active compile tasks:
C2 CompilerThread0    74885 4365   !   4       java.lang.ClassLoader::loadClass (121 bytes)
Total: 1

VM state: not at safepoint (normal execution)

VM Mutex/Monitor currently owned by a thread: None

Heap address: 0x00000000e0000000, size: 512 MB, Compressed Oops mode: 32-bit

CDS archive(s) mapped at: [0x00000216dc000000-0x00000216dcc90000-0x00000216dcc90000), size 13172736, SharedBaseAddress: 0x00000216dc000000, ArchiveRelocationMode: 1.
Compressed class space mapped at: 0x00000216dd000000-0x00000216f1000000, reserved size: 335544320
Narrow klass base: 0x00000216dc000000, Narrow klass shift: 0, Narrow klass range: 0x100000000

GC Precious Log:
 CardTable entry size: 512
 Card Set container configuration: InlinePtr #cards 5 size 8 Array Of Cards #cards 12 size 40 Howl #buckets 4 coarsen threshold 1843 Howl Bitmap #cards 512 size 80 coarsen threshold 460 Card regions per heap region 1 cards per card region 2048
 CPUs: 4 total, 4 available
 Memory: 3863M
 Large Page Support: Disabled
 NUMA Support: Disabled
 Compressed Oops: Enabled (32-bit)
 Heap Region Size: 1M
 Heap Min Capacity: 256M
 Heap Initial Capacity: 256M
 Heap Max Capacity: 512M
 Pre-touch: Disabled
 Parallel Workers: 4
 Concurrent Workers: 1
 Concurrent Refinement Workers: 4
 Periodic GC: Disabled

Heap:
 garbage-first heap   total 262144K, used 35397K [0x00000000e0000000, 0x0000000100000000)
  region size 1024K, 14 young (14336K), 9 survivors (9216K)
 Metaspace       used 35227K, committed 36352K, reserved 393216K
  class space    used 4910K, committed 5440K, reserved 327680K

Heap Regions: E=young(eden), S=young(survivor), O=old, HS=humongous(starts), HC=humongous(continues), CS=collection set, F=free, TAMS=top-at-mark-start, PB=parsable bottom
|   0|0x00000000e0000000, 0x00000000e0100000, 0x00000000e0100000|100%|HS|  |TAMS 0x00000000e0000000| PB 0x00000000e0000000| Complete 
|   1|0x00000000e0100000, 0x00000000e0200000, 0x00000000e0200000|100%|HC|  |TAMS 0x00000000e0100000| PB 0x00000000e0100000| Complete 
|   2|0x00000000e0200000, 0x00000000e0300000, 0x00000000e0300000|100%|HC|  |TAMS 0x00000000e0200000| PB 0x00000000e0200000| Complete 
|   3|0x00000000e0300000, 0x00000000e0400000, 0x00000000e0400000|100%| O|  |TAMS 0x00000000e0300000| PB 0x00000000e0300000| Untracked 
|   4|0x00000000e0400000, 0x00000000e0500000, 0x00000000e0500000|100%| O|  |TAMS 0x00000000e0400000| PB 0x00000000e0400000| Untracked 
|   5|0x00000000e0500000, 0x00000000e0600000, 0x00000000e0600000|100%| O|  |TAMS 0x00000000e0500000| PB 0x00000000e0500000| Untracked 
|   6|0x00000000e0600000, 0x00000000e0700000, 0x00000000e0700000|100%| O|  |TAMS 0x00000000e0600000| PB 0x00000000e0600000| Untracked 
|   7|0x00000000e0700000, 0x00000000e0800000, 0x00000000e0800000|100%|HS|  |TAMS 0x00000000e0700000| PB 0x00000000e0700000| Complete 
|   8|0x00000000e0800000, 0x00000000e0900000, 0x00000000e0900000|100%| O|  |TAMS 0x00000000e0800000| PB 0x00000000e0800000| Untracked 
|   9|0x00000000e0900000, 0x00000000e0a00000, 0x00000000e0a00000|100%| O|  |TAMS 0x00000000e0900000| PB 0x00000000e0900000| Untracked 
|  10|0x00000000e0a00000, 0x00000000e0b00000, 0x00000000e0b00000|100%| O|  |TAMS 0x00000000e0a00000| PB 0x00000000e0a00000| Untracked 
|  11|0x00000000e0b00000, 0x00000000e0c00000, 0x00000000e0c00000|100%| O|  |TAMS 0x00000000e0b00000| PB 0x00000000e0b00000| Untracked 
|  12|0x00000000e0c00000, 0x00000000e0d00000, 0x00000000e0d00000|100%| O|  |TAMS 0x00000000e0c00000| PB 0x00000000e0c00000| Untracked 
|  13|0x00000000e0d00000, 0x00000000e0e00000, 0x00000000e0e00000|100%| O|  |TAMS 0x00000000e0d00000| PB 0x00000000e0d00000| Untracked 
|  14|0x00000000e0e00000, 0x00000000e0f00000, 0x00000000e0f00000|100%| O|  |TAMS 0x00000000e0e00000| PB 0x00000000e0e00000| Untracked 
|  15|0x00000000e0f00000, 0x00000000e1000000, 0x00000000e1000000|100%| O|  |TAMS 0x00000000e0f00000| PB 0x00000000e0f00000| Untracked 
|  16|0x00000000e1000000, 0x00000000e1100000, 0x00000000e1100000|100%| O|  |TAMS 0x00000000e1000000| PB 0x00000000e1000000| Untracked 
|  17|0x00000000e1100000, 0x00000000e1200000, 0x00000000e1200000|100%| O|  |TAMS 0x00000000e1100000| PB 0x00000000e1100000| Untracked 
|  18|0x00000000e1200000, 0x00000000e1300000, 0x00000000e1300000|100%| O|  |TAMS 0x00000000e1200000| PB 0x00000000e1200000| Untracked 
|  19|0x00000000e1300000, 0x00000000e1400000, 0x00000000e1400000|100%| O|  |TAMS 0x00000000e1300000| PB 0x00000000e1300000| Untracked 
|  20|0x00000000e1400000, 0x00000000e1500000, 0x00000000e1500000|100%| O|  |TAMS 0x00000000e1400000| PB 0x00000000e1400000| Untracked 
|  21|0x00000000e1500000, 0x00000000e1600000, 0x00000000e1600000|100%| O|Cm|TAMS 0x00000000e1500000| PB 0x00000000e1500000| Complete 
|  22|0x00000000e1600000, 0x00000000e161b500, 0x00000000e1700000| 10%| O|  |TAMS 0x00000000e1600000| PB 0x00000000e1600000| Untracked 
|  23|0x00000000e1700000, 0x00000000e1700000, 0x00000000e1800000|  0%| F|  |TAMS 0x00000000e1700000| PB 0x00000000e1700000| Untracked 
|  24|0x00000000e1800000, 0x00000000e1800000, 0x00000000e1900000|  0%| F|  |TAMS 0x00000000e1800000| PB 0x00000000e1800000| Untracked 
|  25|0x00000000e1900000, 0x00000000e1900000, 0x00000000e1a00000|  0%| F|  |TAMS 0x00000000e1900000| PB 0x00000000e1900000| Untracked 
|  26|0x00000000e1a00000, 0x00000000e1a00000, 0x00000000e1b00000|  0%| F|  |TAMS 0x00000000e1a00000| PB 0x00000000e1a00000| Untracked 
|  27|0x00000000e1b00000, 0x00000000e1b00000, 0x00000000e1c00000|  0%| F|  |TAMS 0x00000000e1b00000| PB 0x00000000e1b00000| Untracked 
|  28|0x00000000e1c00000, 0x00000000e1c00000, 0x00000000e1d00000|  0%| F|  |TAMS 0x00000000e1c00000| PB 0x00000000e1c00000| Untracked 
|  29|0x00000000e1d00000, 0x00000000e1d00000, 0x00000000e1e00000|  0%| F|  |TAMS 0x00000000e1d00000| PB 0x00000000e1d00000| Untracked 
|  30|0x00000000e1e00000, 0x00000000e1e00000, 0x00000000e1f00000|  0%| F|  |TAMS 0x00000000e1e00000| PB 0x00000000e1e00000| Untracked 
|  31|0x00000000e1f00000, 0x00000000e1f00000, 0x00000000e2000000|  0%| F|  |TAMS 0x00000000e1f00000| PB 0x00000000e1f00000| Untracked 
|  32|0x00000000e2000000, 0x00000000e2000000, 0x00000000e2100000|  0%| F|  |TAMS 0x00000000e2000000| PB 0x00000000e2000000| Untracked 
|  33|0x00000000e2100000, 0x00000000e2100000, 0x00000000e2200000|  0%| F|  |TAMS 0x00000000e2100000| PB 0x00000000e2100000| Untracked 
|  34|0x00000000e2200000, 0x00000000e2200000, 0x00000000e2300000|  0%| F|  |TAMS 0x00000000e2200000| PB 0x00000000e2200000| Untracked 
|  35|0x00000000e2300000, 0x00000000e2300000, 0x00000000e2400000|  0%| F|  |TAMS 0x00000000e2300000| PB 0x00000000e2300000| Untracked 
|  36|0x00000000e2400000, 0x00000000e2400000, 0x00000000e2500000|  0%| F|  |TAMS 0x00000000e2400000| PB 0x00000000e2400000| Untracked 
|  37|0x00000000e2500000, 0x00000000e2500000, 0x00000000e2600000|  0%| F|  |TAMS 0x00000000e2500000| PB 0x00000000e2500000| Untracked 
|  38|0x00000000e2600000, 0x00000000e2600000, 0x00000000e2700000|  0%| F|  |TAMS 0x00000000e2600000| PB 0x00000000e2600000| Untracked 
|  39|0x00000000e2700000, 0x00000000e2700000, 0x00000000e2800000|  0%| F|  |TAMS 0x00000000e2700000| PB 0x00000000e2700000| Untracked 
|  40|0x00000000e2800000, 0x00000000e2800000, 0x00000000e2900000|  0%| F|  |TAMS 0x00000000e2800000| PB 0x00000000e2800000| Untracked 
|  41|0x00000000e2900000, 0x00000000e2900000, 0x00000000e2a00000|  0%| F|  |TAMS 0x00000000e2900000| PB 0x00000000e2900000| Untracked 
|  42|0x00000000e2a00000, 0x00000000e2a00000, 0x00000000e2b00000|  0%| F|  |TAMS 0x00000000e2a00000| PB 0x00000000e2a00000| Untracked 
|  43|0x00000000e2b00000, 0x00000000e2b00000, 0x00000000e2c00000|  0%| F|  |TAMS 0x00000000e2b00000| PB 0x00000000e2b00000| Untracked 
|  44|0x00000000e2c00000, 0x00000000e2c00000, 0x00000000e2d00000|  0%| F|  |TAMS 0x00000000e2c00000| PB 0x00000000e2c00000| Untracked 
|  45|0x00000000e2d00000, 0x00000000e2d00000, 0x00000000e2e00000|  0%| F|  |TAMS 0x00000000e2d00000| PB 0x00000000e2d00000| Untracked 
|  46|0x00000000e2e00000, 0x00000000e2e00000, 0x00000000e2f00000|  0%| F|  |TAMS 0x00000000e2e00000| PB 0x00000000e2e00000| Untracked 
|  47|0x00000000e2f00000, 0x00000000e2f00000, 0x00000000e3000000|  0%| F|  |TAMS 0x00000000e2f00000| PB 0x00000000e2f00000| Untracked 
|  48|0x00000000e3000000, 0x00000000e3000000, 0x00000000e3100000|  0%| F|  |TAMS 0x00000000e3000000| PB 0x00000000e3000000| Untracked 
|  49|0x00000000e3100000, 0x00000000e3100000, 0x00000000e3200000|  0%| F|  |TAMS 0x00000000e3100000| PB 0x00000000e3100000| Untracked 
|  50|0x00000000e3200000, 0x00000000e3200000, 0x00000000e3300000|  0%| F|  |TAMS 0x00000000e3200000| PB 0x00000000e3200000| Untracked 
|  51|0x00000000e3300000, 0x00000000e3300000, 0x00000000e3400000|  0%| F|  |TAMS 0x00000000e3300000| PB 0x00000000e3300000| Untracked 
|  52|0x00000000e3400000, 0x00000000e3400000, 0x00000000e3500000|  0%| F|  |TAMS 0x00000000e3400000| PB 0x00000000e3400000| Untracked 
|  53|0x00000000e3500000, 0x00000000e3500000, 0x00000000e3600000|  0%| F|  |TAMS 0x00000000e3500000| PB 0x00000000e3500000| Untracked 
|  54|0x00000000e3600000, 0x00000000e3600000, 0x00000000e3700000|  0%| F|  |TAMS 0x00000000e3600000| PB 0x00000000e3600000| Untracked 
|  55|0x00000000e3700000, 0x00000000e3700000, 0x00000000e3800000|  0%| F|  |TAMS 0x00000000e3700000| PB 0x00000000e3700000| Untracked 
|  56|0x00000000e3800000, 0x00000000e3800000, 0x00000000e3900000|  0%| F|  |TAMS 0x00000000e3800000| PB 0x00000000e3800000| Untracked 
|  57|0x00000000e3900000, 0x00000000e3900000, 0x00000000e3a00000|  0%| F|  |TAMS 0x00000000e3900000| PB 0x00000000e3900000| Untracked 
|  58|0x00000000e3a00000, 0x00000000e3a00000, 0x00000000e3b00000|  0%| F|  |TAMS 0x00000000e3a00000| PB 0x00000000e3a00000| Untracked 
|  59|0x00000000e3b00000, 0x00000000e3b00000, 0x00000000e3c00000|  0%| F|  |TAMS 0x00000000e3b00000| PB 0x00000000e3b00000| Untracked 
|  60|0x00000000e3c00000, 0x00000000e3c00000, 0x00000000e3d00000|  0%| F|  |TAMS 0x00000000e3c00000| PB 0x00000000e3c00000| Untracked 
|  61|0x00000000e3d00000, 0x00000000e3d00000, 0x00000000e3e00000|  0%| F|  |TAMS 0x00000000e3d00000| PB 0x00000000e3d00000| Untracked 
|  62|0x00000000e3e00000, 0x00000000e3e00000, 0x00000000e3f00000|  0%| F|  |TAMS 0x00000000e3e00000| PB 0x00000000e3e00000| Untracked 
|  63|0x00000000e3f00000, 0x00000000e3f00000, 0x00000000e4000000|  0%| F|  |TAMS 0x00000000e3f00000| PB 0x00000000e3f00000| Untracked 
|  64|0x00000000e4000000, 0x00000000e4000000, 0x00000000e4100000|  0%| F|  |TAMS 0x00000000e4000000| PB 0x00000000e4000000| Untracked 
|  65|0x00000000e4100000, 0x00000000e4100000, 0x00000000e4200000|  0%| F|  |TAMS 0x00000000e4100000| PB 0x00000000e4100000| Untracked 
|  66|0x00000000e4200000, 0x00000000e4200000, 0x00000000e4300000|  0%| F|  |TAMS 0x00000000e4200000| PB 0x00000000e4200000| Untracked 
|  67|0x00000000e4300000, 0x00000000e4300000, 0x00000000e4400000|  0%| F|  |TAMS 0x00000000e4300000| PB 0x00000000e4300000| Untracked 
|  68|0x00000000e4400000, 0x00000000e4400000, 0x00000000e4500000|  0%| F|  |TAMS 0x00000000e4400000| PB 0x00000000e4400000| Untracked 
|  69|0x00000000e4500000, 0x00000000e4500000, 0x00000000e4600000|  0%| F|  |TAMS 0x00000000e4500000| PB 0x00000000e4500000| Untracked 
|  70|0x00000000e4600000, 0x00000000e4600000, 0x00000000e4700000|  0%| F|  |TAMS 0x00000000e4600000| PB 0x00000000e4600000| Untracked 
|  71|0x00000000e4700000, 0x00000000e4700000, 0x00000000e4800000|  0%| F|  |TAMS 0x00000000e4700000| PB 0x00000000e4700000| Untracked 
|  72|0x00000000e4800000, 0x00000000e4800000, 0x00000000e4900000|  0%| F|  |TAMS 0x00000000e4800000| PB 0x00000000e4800000| Untracked 
|  73|0x00000000e4900000, 0x00000000e4900000, 0x00000000e4a00000|  0%| F|  |TAMS 0x00000000e4900000| PB 0x00000000e4900000| Untracked 
|  74|0x00000000e4a00000, 0x00000000e4a00000, 0x00000000e4b00000|  0%| F|  |TAMS 0x00000000e4a00000| PB 0x00000000e4a00000| Untracked 
|  75|0x00000000e4b00000, 0x00000000e4b00000, 0x00000000e4c00000|  0%| F|  |TAMS 0x00000000e4b00000| PB 0x00000000e4b00000| Untracked 
|  76|0x00000000e4c00000, 0x00000000e4c00000, 0x00000000e4d00000|  0%| F|  |TAMS 0x00000000e4c00000| PB 0x00000000e4c00000| Untracked 
|  77|0x00000000e4d00000, 0x00000000e4d00000, 0x00000000e4e00000|  0%| F|  |TAMS 0x00000000e4d00000| PB 0x00000000e4d00000| Untracked 
|  78|0x00000000e4e00000, 0x00000000e4e00000, 0x00000000e4f00000|  0%| F|  |TAMS 0x00000000e4e00000| PB 0x00000000e4e00000| Untracked 
|  79|0x00000000e4f00000, 0x00000000e4f00000, 0x00000000e5000000|  0%| F|  |TAMS 0x00000000e4f00000| PB 0x00000000e4f00000| Untracked 
|  80|0x00000000e5000000, 0x00000000e5000000, 0x00000000e5100000|  0%| F|  |TAMS 0x00000000e5000000| PB 0x00000000e5000000| Untracked 
|  81|0x00000000e5100000, 0x00000000e5100000, 0x00000000e5200000|  0%| F|  |TAMS 0x00000000e5100000| PB 0x00000000e5100000| Untracked 
|  82|0x00000000e5200000, 0x00000000e5200000, 0x00000000e5300000|  0%| F|  |TAMS 0x00000000e5200000| PB 0x00000000e5200000| Untracked 
|  83|0x00000000e5300000, 0x00000000e5300000, 0x00000000e5400000|  0%| F|  |TAMS 0x00000000e5300000| PB 0x00000000e5300000| Untracked 
|  84|0x00000000e5400000, 0x00000000e5400000, 0x00000000e5500000|  0%| F|  |TAMS 0x00000000e5400000| PB 0x00000000e5400000| Untracked 
|  85|0x00000000e5500000, 0x00000000e5500000, 0x00000000e5600000|  0%| F|  |TAMS 0x00000000e5500000| PB 0x00000000e5500000| Untracked 
|  86|0x00000000e5600000, 0x00000000e5600000, 0x00000000e5700000|  0%| F|  |TAMS 0x00000000e5600000| PB 0x00000000e5600000| Untracked 
|  87|0x00000000e5700000, 0x00000000e5700000, 0x00000000e5800000|  0%| F|  |TAMS 0x00000000e5700000| PB 0x00000000e5700000| Untracked 
|  88|0x00000000e5800000, 0x00000000e5800000, 0x00000000e5900000|  0%| F|  |TAMS 0x00000000e5800000| PB 0x00000000e5800000| Untracked 
|  89|0x00000000e5900000, 0x00000000e5900000, 0x00000000e5a00000|  0%| F|  |TAMS 0x00000000e5900000| PB 0x00000000e5900000| Untracked 
|  90|0x00000000e5a00000, 0x00000000e5a00000, 0x00000000e5b00000|  0%| F|  |TAMS 0x00000000e5a00000| PB 0x00000000e5a00000| Untracked 
|  91|0x00000000e5b00000, 0x00000000e5b00000, 0x00000000e5c00000|  0%| F|  |TAMS 0x00000000e5b00000| PB 0x00000000e5b00000| Untracked 
|  92|0x00000000e5c00000, 0x00000000e5c00000, 0x00000000e5d00000|  0%| F|  |TAMS 0x00000000e5c00000| PB 0x00000000e5c00000| Untracked 
|  93|0x00000000e5d00000, 0x00000000e5d00000, 0x00000000e5e00000|  0%| F|  |TAMS 0x00000000e5d00000| PB 0x00000000e5d00000| Untracked 
|  94|0x00000000e5e00000, 0x00000000e5e00000, 0x00000000e5f00000|  0%| F|  |TAMS 0x00000000e5e00000| PB 0x00000000e5e00000| Untracked 
|  95|0x00000000e5f00000, 0x00000000e5f00000, 0x00000000e6000000|  0%| F|  |TAMS 0x00000000e5f00000| PB 0x00000000e5f00000| Untracked 
|  96|0x00000000e6000000, 0x00000000e6000000, 0x00000000e6100000|  0%| F|  |TAMS 0x00000000e6000000| PB 0x00000000e6000000| Untracked 
|  97|0x00000000e6100000, 0x00000000e6100000, 0x00000000e6200000|  0%| F|  |TAMS 0x00000000e6100000| PB 0x00000000e6100000| Untracked 
|  98|0x00000000e6200000, 0x00000000e6200000, 0x00000000e6300000|  0%| F|  |TAMS 0x00000000e6200000| PB 0x00000000e6200000| Untracked 
|  99|0x00000000e6300000, 0x00000000e6300000, 0x00000000e6400000|  0%| F|  |TAMS 0x00000000e6300000| PB 0x00000000e6300000| Untracked 
| 100|0x00000000e6400000, 0x00000000e6400000, 0x00000000e6500000|  0%| F|  |TAMS 0x00000000e6400000| PB 0x00000000e6400000| Untracked 
| 101|0x00000000e6500000, 0x00000000e6500000, 0x00000000e6600000|  0%| F|  |TAMS 0x00000000e6500000| PB 0x00000000e6500000| Untracked 
| 102|0x00000000e6600000, 0x00000000e6600000, 0x00000000e6700000|  0%| F|  |TAMS 0x00000000e6600000| PB 0x00000000e6600000| Untracked 
| 103|0x00000000e6700000, 0x00000000e6700000, 0x00000000e6800000|  0%| F|  |TAMS 0x00000000e6700000| PB 0x00000000e6700000| Untracked 
| 104|0x00000000e6800000, 0x00000000e6800000, 0x00000000e6900000|  0%| F|  |TAMS 0x00000000e6800000| PB 0x00000000e6800000| Untracked 
| 105|0x00000000e6900000, 0x00000000e6900000, 0x00000000e6a00000|  0%| F|  |TAMS 0x00000000e6900000| PB 0x00000000e6900000| Untracked 
| 106|0x00000000e6a00000, 0x00000000e6a00000, 0x00000000e6b00000|  0%| F|  |TAMS 0x00000000e6a00000| PB 0x00000000e6a00000| Untracked 
| 107|0x00000000e6b00000, 0x00000000e6b00000, 0x00000000e6c00000|  0%| F|  |TAMS 0x00000000e6b00000| PB 0x00000000e6b00000| Untracked 
| 108|0x00000000e6c00000, 0x00000000e6c00000, 0x00000000e6d00000|  0%| F|  |TAMS 0x00000000e6c00000| PB 0x00000000e6c00000| Untracked 
| 109|0x00000000e6d00000, 0x00000000e6d00000, 0x00000000e6e00000|  0%| F|  |TAMS 0x00000000e6d00000| PB 0x00000000e6d00000| Untracked 
| 110|0x00000000e6e00000, 0x00000000e6e00000, 0x00000000e6f00000|  0%| F|  |TAMS 0x00000000e6e00000| PB 0x00000000e6e00000| Untracked 
| 111|0x00000000e6f00000, 0x00000000e6f00000, 0x00000000e7000000|  0%| F|  |TAMS 0x00000000e6f00000| PB 0x00000000e6f00000| Untracked 
| 112|0x00000000e7000000, 0x00000000e7000000, 0x00000000e7100000|  0%| F|  |TAMS 0x00000000e7000000| PB 0x00000000e7000000| Untracked 
| 113|0x00000000e7100000, 0x00000000e7100000, 0x00000000e7200000|  0%| F|  |TAMS 0x00000000e7100000| PB 0x00000000e7100000| Untracked 
| 114|0x00000000e7200000, 0x00000000e7200000, 0x00000000e7300000|  0%| F|  |TAMS 0x00000000e7200000| PB 0x00000000e7200000| Untracked 
| 115|0x00000000e7300000, 0x00000000e7300000, 0x00000000e7400000|  0%| F|  |TAMS 0x00000000e7300000| PB 0x00000000e7300000| Untracked 
| 116|0x00000000e7400000, 0x00000000e7400000, 0x00000000e7500000|  0%| F|  |TAMS 0x00000000e7400000| PB 0x00000000e7400000| Untracked 
| 117|0x00000000e7500000, 0x00000000e7500000, 0x00000000e7600000|  0%| F|  |TAMS 0x00000000e7500000| PB 0x00000000e7500000| Untracked 
| 118|0x00000000e7600000, 0x00000000e7600000, 0x00000000e7700000|  0%| F|  |TAMS 0x00000000e7600000| PB 0x00000000e7600000| Untracked 
| 119|0x00000000e7700000, 0x00000000e7700000, 0x00000000e7800000|  0%| F|  |TAMS 0x00000000e7700000| PB 0x00000000e7700000| Untracked 
| 120|0x00000000e7800000, 0x00000000e7800000, 0x00000000e7900000|  0%| F|  |TAMS 0x00000000e7800000| PB 0x00000000e7800000| Untracked 
| 121|0x00000000e7900000, 0x00000000e7900000, 0x00000000e7a00000|  0%| F|  |TAMS 0x00000000e7900000| PB 0x00000000e7900000| Untracked 
| 122|0x00000000e7a00000, 0x00000000e7a00000, 0x00000000e7b00000|  0%| F|  |TAMS 0x00000000e7a00000| PB 0x00000000e7a00000| Untracked 
| 123|0x00000000e7b00000, 0x00000000e7b00000, 0x00000000e7c00000|  0%| F|  |TAMS 0x00000000e7b00000| PB 0x00000000e7b00000| Untracked 
| 124|0x00000000e7c00000, 0x00000000e7c00000, 0x00000000e7d00000|  0%| F|  |TAMS 0x00000000e7c00000| PB 0x00000000e7c00000| Untracked 
| 125|0x00000000e7d00000, 0x00000000e7d00000, 0x00000000e7e00000|  0%| F|  |TAMS 0x00000000e7d00000| PB 0x00000000e7d00000| Untracked 
| 126|0x00000000e7e00000, 0x00000000e7e00000, 0x00000000e7f00000|  0%| F|  |TAMS 0x00000000e7e00000| PB 0x00000000e7e00000| Untracked 
| 127|0x00000000e7f00000, 0x00000000e7f00000, 0x00000000e8000000|  0%| F|  |TAMS 0x00000000e7f00000| PB 0x00000000e7f00000| Untracked 
| 128|0x00000000e8000000, 0x00000000e8000000, 0x00000000e8100000|  0%| F|  |TAMS 0x00000000e8000000| PB 0x00000000e8000000| Untracked 
| 129|0x00000000e8100000, 0x00000000e8100000, 0x00000000e8200000|  0%| F|  |TAMS 0x00000000e8100000| PB 0x00000000e8100000| Untracked 
| 130|0x00000000e8200000, 0x00000000e8200000, 0x00000000e8300000|  0%| F|  |TAMS 0x00000000e8200000| PB 0x00000000e8200000| Untracked 
| 131|0x00000000e8300000, 0x00000000e8300000, 0x00000000e8400000|  0%| F|  |TAMS 0x00000000e8300000| PB 0x00000000e8300000| Untracked 
| 132|0x00000000e8400000, 0x00000000e8400000, 0x00000000e8500000|  0%| F|  |TAMS 0x00000000e8400000| PB 0x00000000e8400000| Untracked 
| 133|0x00000000e8500000, 0x00000000e8500000, 0x00000000e8600000|  0%| F|  |TAMS 0x00000000e8500000| PB 0x00000000e8500000| Untracked 
| 134|0x00000000e8600000, 0x00000000e8600000, 0x00000000e8700000|  0%| F|  |TAMS 0x00000000e8600000| PB 0x00000000e8600000| Untracked 
| 135|0x00000000e8700000, 0x00000000e8700000, 0x00000000e8800000|  0%| F|  |TAMS 0x00000000e8700000| PB 0x00000000e8700000| Untracked 
| 136|0x00000000e8800000, 0x00000000e8800000, 0x00000000e8900000|  0%| F|  |TAMS 0x00000000e8800000| PB 0x00000000e8800000| Untracked 
| 137|0x00000000e8900000, 0x00000000e8900000, 0x00000000e8a00000|  0%| F|  |TAMS 0x00000000e8900000| PB 0x00000000e8900000| Untracked 
| 138|0x00000000e8a00000, 0x00000000e8a00000, 0x00000000e8b00000|  0%| F|  |TAMS 0x00000000e8a00000| PB 0x00000000e8a00000| Untracked 
| 139|0x00000000e8b00000, 0x00000000e8b00000, 0x00000000e8c00000|  0%| F|  |TAMS 0x00000000e8b00000| PB 0x00000000e8b00000| Untracked 
| 140|0x00000000e8c00000, 0x00000000e8c00000, 0x00000000e8d00000|  0%| F|  |TAMS 0x00000000e8c00000| PB 0x00000000e8c00000| Untracked 
| 141|0x00000000e8d00000, 0x00000000e8d00000, 0x00000000e8e00000|  0%| F|  |TAMS 0x00000000e8d00000| PB 0x00000000e8d00000| Untracked 
| 142|0x00000000e8e00000, 0x00000000e8e00000, 0x00000000e8f00000|  0%| F|  |TAMS 0x00000000e8e00000| PB 0x00000000e8e00000| Untracked 
| 143|0x00000000e8f00000, 0x00000000e8f76190, 0x00000000e9000000| 46%| S|CS|TAMS 0x00000000e8f00000| PB 0x00000000e8f00000| Complete 
| 144|0x00000000e9000000, 0x00000000e9100000, 0x00000000e9100000|100%| S|CS|TAMS 0x00000000e9000000| PB 0x00000000e9000000| Complete 
| 145|0x00000000e9100000, 0x00000000e9200000, 0x00000000e9200000|100%| S|CS|TAMS 0x00000000e9100000| PB 0x00000000e9100000| Complete 
| 146|0x00000000e9200000, 0x00000000e9300000, 0x00000000e9300000|100%| S|CS|TAMS 0x00000000e9200000| PB 0x00000000e9200000| Complete 
| 147|0x00000000e9300000, 0x00000000e9400000, 0x00000000e9400000|100%| S|CS|TAMS 0x00000000e9300000| PB 0x00000000e9300000| Complete 
| 148|0x00000000e9400000, 0x00000000e9500000, 0x00000000e9500000|100%| S|CS|TAMS 0x00000000e9400000| PB 0x00000000e9400000| Complete 
| 149|0x00000000e9500000, 0x00000000e9600000, 0x00000000e9600000|100%| S|CS|TAMS 0x00000000e9500000| PB 0x00000000e9500000| Complete 
| 150|0x00000000e9600000, 0x00000000e9700000, 0x00000000e9700000|100%| S|CS|TAMS 0x00000000e9600000| PB 0x00000000e9600000| Complete 
| 151|0x00000000e9700000, 0x00000000e9800000, 0x00000000e9800000|100%| S|CS|TAMS 0x00000000e9700000| PB 0x00000000e9700000| Complete 
| 152|0x00000000e9800000, 0x00000000e9800000, 0x00000000e9900000|  0%| F|  |TAMS 0x00000000e9800000| PB 0x00000000e9800000| Untracked 
| 153|0x00000000e9900000, 0x00000000e9900000, 0x00000000e9a00000|  0%| F|  |TAMS 0x00000000e9900000| PB 0x00000000e9900000| Untracked 
| 154|0x00000000e9a00000, 0x00000000e9a00000, 0x00000000e9b00000|  0%| F|  |TAMS 0x00000000e9a00000| PB 0x00000000e9a00000| Untracked 
| 155|0x00000000e9b00000, 0x00000000e9b00000, 0x00000000e9c00000|  0%| F|  |TAMS 0x00000000e9b00000| PB 0x00000000e9b00000| Untracked 
| 156|0x00000000e9c00000, 0x00000000e9c00000, 0x00000000e9d00000|  0%| F|  |TAMS 0x00000000e9c00000| PB 0x00000000e9c00000| Untracked 
| 157|0x00000000e9d00000, 0x00000000e9d00000, 0x00000000e9e00000|  0%| F|  |TAMS 0x00000000e9d00000| PB 0x00000000e9d00000| Untracked 
| 158|0x00000000e9e00000, 0x00000000e9e00000, 0x00000000e9f00000|  0%| F|  |TAMS 0x00000000e9e00000| PB 0x00000000e9e00000| Untracked 
| 159|0x00000000e9f00000, 0x00000000e9f00000, 0x00000000ea000000|  0%| F|  |TAMS 0x00000000e9f00000| PB 0x00000000e9f00000| Untracked 
| 160|0x00000000ea000000, 0x00000000ea000000, 0x00000000ea100000|  0%| F|  |TAMS 0x00000000ea000000| PB 0x00000000ea000000| Untracked 
| 161|0x00000000ea100000, 0x00000000ea100000, 0x00000000ea200000|  0%| F|  |TAMS 0x00000000ea100000| PB 0x00000000ea100000| Untracked 
| 162|0x00000000ea200000, 0x00000000ea200000, 0x00000000ea300000|  0%| F|  |TAMS 0x00000000ea200000| PB 0x00000000ea200000| Untracked 
| 163|0x00000000ea300000, 0x00000000ea300000, 0x00000000ea400000|  0%| F|  |TAMS 0x00000000ea300000| PB 0x00000000ea300000| Untracked 
| 164|0x00000000ea400000, 0x00000000ea400000, 0x00000000ea500000|  0%| F|  |TAMS 0x00000000ea400000| PB 0x00000000ea400000| Untracked 
| 165|0x00000000ea500000, 0x00000000ea500000, 0x00000000ea600000|  0%| F|  |TAMS 0x00000000ea500000| PB 0x00000000ea500000| Untracked 
| 166|0x00000000ea600000, 0x00000000ea600000, 0x00000000ea700000|  0%| F|  |TAMS 0x00000000ea600000| PB 0x00000000ea600000| Untracked 
| 167|0x00000000ea700000, 0x00000000ea700000, 0x00000000ea800000|  0%| F|  |TAMS 0x00000000ea700000| PB 0x00000000ea700000| Untracked 
| 168|0x00000000ea800000, 0x00000000ea800000, 0x00000000ea900000|  0%| F|  |TAMS 0x00000000ea800000| PB 0x00000000ea800000| Untracked 
| 169|0x00000000ea900000, 0x00000000ea900000, 0x00000000eaa00000|  0%| F|  |TAMS 0x00000000ea900000| PB 0x00000000ea900000| Untracked 
| 170|0x00000000eaa00000, 0x00000000eaa00000, 0x00000000eab00000|  0%| F|  |TAMS 0x00000000eaa00000| PB 0x00000000eaa00000| Untracked 
| 171|0x00000000eab00000, 0x00000000eab00000, 0x00000000eac00000|  0%| F|  |TAMS 0x00000000eab00000| PB 0x00000000eab00000| Untracked 
| 172|0x00000000eac00000, 0x00000000eac00000, 0x00000000ead00000|  0%| F|  |TAMS 0x00000000eac00000| PB 0x00000000eac00000| Untracked 
| 173|0x00000000ead00000, 0x00000000ead00000, 0x00000000eae00000|  0%| F|  |TAMS 0x00000000ead00000| PB 0x00000000ead00000| Untracked 
| 174|0x00000000eae00000, 0x00000000eae00000, 0x00000000eaf00000|  0%| F|  |TAMS 0x00000000eae00000| PB 0x00000000eae00000| Untracked 
| 175|0x00000000eaf00000, 0x00000000eaf00000, 0x00000000eb000000|  0%| F|  |TAMS 0x00000000eaf00000| PB 0x00000000eaf00000| Untracked 
| 176|0x00000000eb000000, 0x00000000eb000000, 0x00000000eb100000|  0%| F|  |TAMS 0x00000000eb000000| PB 0x00000000eb000000| Untracked 
| 177|0x00000000eb100000, 0x00000000eb100000, 0x00000000eb200000|  0%| F|  |TAMS 0x00000000eb100000| PB 0x00000000eb100000| Untracked 
| 178|0x00000000eb200000, 0x00000000eb200000, 0x00000000eb300000|  0%| F|  |TAMS 0x00000000eb200000| PB 0x00000000eb200000| Untracked 
| 179|0x00000000eb300000, 0x00000000eb300000, 0x00000000eb400000|  0%| F|  |TAMS 0x00000000eb300000| PB 0x00000000eb300000| Untracked 
| 180|0x00000000eb400000, 0x00000000eb400000, 0x00000000eb500000|  0%| F|  |TAMS 0x00000000eb400000| PB 0x00000000eb400000| Untracked 
| 181|0x00000000eb500000, 0x00000000eb500000, 0x00000000eb600000|  0%| F|  |TAMS 0x00000000eb500000| PB 0x00000000eb500000| Untracked 
| 182|0x00000000eb600000, 0x00000000eb600000, 0x00000000eb700000|  0%| F|  |TAMS 0x00000000eb600000| PB 0x00000000eb600000| Untracked 
| 183|0x00000000eb700000, 0x00000000eb700000, 0x00000000eb800000|  0%| F|  |TAMS 0x00000000eb700000| PB 0x00000000eb700000| Untracked 
| 184|0x00000000eb800000, 0x00000000eb800000, 0x00000000eb900000|  0%| F|  |TAMS 0x00000000eb800000| PB 0x00000000eb800000| Untracked 
| 185|0x00000000eb900000, 0x00000000eb900000, 0x00000000eba00000|  0%| F|  |TAMS 0x00000000eb900000| PB 0x00000000eb900000| Untracked 
| 186|0x00000000eba00000, 0x00000000eba00000, 0x00000000ebb00000|  0%| F|  |TAMS 0x00000000eba00000| PB 0x00000000eba00000| Untracked 
| 187|0x00000000ebb00000, 0x00000000ebb00000, 0x00000000ebc00000|  0%| F|  |TAMS 0x00000000ebb00000| PB 0x00000000ebb00000| Untracked 
| 188|0x00000000ebc00000, 0x00000000ebc00000, 0x00000000ebd00000|  0%| F|  |TAMS 0x00000000ebc00000| PB 0x00000000ebc00000| Untracked 
| 189|0x00000000ebd00000, 0x00000000ebd00000, 0x00000000ebe00000|  0%| F|  |TAMS 0x00000000ebd00000| PB 0x00000000ebd00000| Untracked 
| 190|0x00000000ebe00000, 0x00000000ebe00000, 0x00000000ebf00000|  0%| F|  |TAMS 0x00000000ebe00000| PB 0x00000000ebe00000| Untracked 
| 191|0x00000000ebf00000, 0x00000000ebf00000, 0x00000000ec000000|  0%| F|  |TAMS 0x00000000ebf00000| PB 0x00000000ebf00000| Untracked 
| 192|0x00000000ec000000, 0x00000000ec000000, 0x00000000ec100000|  0%| F|  |TAMS 0x00000000ec000000| PB 0x00000000ec000000| Untracked 
| 193|0x00000000ec100000, 0x00000000ec100000, 0x00000000ec200000|  0%| F|  |TAMS 0x00000000ec100000| PB 0x00000000ec100000| Untracked 
| 194|0x00000000ec200000, 0x00000000ec200000, 0x00000000ec300000|  0%| F|  |TAMS 0x00000000ec200000| PB 0x00000000ec200000| Untracked 
| 195|0x00000000ec300000, 0x00000000ec300000, 0x00000000ec400000|  0%| F|  |TAMS 0x00000000ec300000| PB 0x00000000ec300000| Untracked 
| 196|0x00000000ec400000, 0x00000000ec400000, 0x00000000ec500000|  0%| F|  |TAMS 0x00000000ec400000| PB 0x00000000ec400000| Untracked 
| 197|0x00000000ec500000, 0x00000000ec500000, 0x00000000ec600000|  0%| F|  |TAMS 0x00000000ec500000| PB 0x00000000ec500000| Untracked 
| 198|0x00000000ec600000, 0x00000000ec600000, 0x00000000ec700000|  0%| F|  |TAMS 0x00000000ec600000| PB 0x00000000ec600000| Untracked 
| 199|0x00000000ec700000, 0x00000000ec700000, 0x00000000ec800000|  0%| F|  |TAMS 0x00000000ec700000| PB 0x00000000ec700000| Untracked 
| 200|0x00000000ec800000, 0x00000000ec800000, 0x00000000ec900000|  0%| F|  |TAMS 0x00000000ec800000| PB 0x00000000ec800000| Untracked 
| 201|0x00000000ec900000, 0x00000000ec900000, 0x00000000eca00000|  0%| F|  |TAMS 0x00000000ec900000| PB 0x00000000ec900000| Untracked 
| 202|0x00000000eca00000, 0x00000000eca00000, 0x00000000ecb00000|  0%| F|  |TAMS 0x00000000eca00000| PB 0x00000000eca00000| Untracked 
| 203|0x00000000ecb00000, 0x00000000ecb00000, 0x00000000ecc00000|  0%| F|  |TAMS 0x00000000ecb00000| PB 0x00000000ecb00000| Untracked 
| 204|0x00000000ecc00000, 0x00000000ecc00000, 0x00000000ecd00000|  0%| F|  |TAMS 0x00000000ecc00000| PB 0x00000000ecc00000| Untracked 
| 205|0x00000000ecd00000, 0x00000000ecd00000, 0x00000000ece00000|  0%| F|  |TAMS 0x00000000ecd00000| PB 0x00000000ecd00000| Untracked 
| 206|0x00000000ece00000, 0x00000000ece00000, 0x00000000ecf00000|  0%| F|  |TAMS 0x00000000ece00000| PB 0x00000000ece00000| Untracked 
| 207|0x00000000ecf00000, 0x00000000ecf00000, 0x00000000ed000000|  0%| F|  |TAMS 0x00000000ecf00000| PB 0x00000000ecf00000| Untracked 
| 208|0x00000000ed000000, 0x00000000ed000000, 0x00000000ed100000|  0%| F|  |TAMS 0x00000000ed000000| PB 0x00000000ed000000| Untracked 
| 209|0x00000000ed100000, 0x00000000ed100000, 0x00000000ed200000|  0%| F|  |TAMS 0x00000000ed100000| PB 0x00000000ed100000| Untracked 
| 210|0x00000000ed200000, 0x00000000ed200000, 0x00000000ed300000|  0%| F|  |TAMS 0x00000000ed200000| PB 0x00000000ed200000| Untracked 
| 211|0x00000000ed300000, 0x00000000ed300000, 0x00000000ed400000|  0%| F|  |TAMS 0x00000000ed300000| PB 0x00000000ed300000| Untracked 
| 212|0x00000000ed400000, 0x00000000ed400000, 0x00000000ed500000|  0%| F|  |TAMS 0x00000000ed400000| PB 0x00000000ed400000| Untracked 
| 213|0x00000000ed500000, 0x00000000ed500000, 0x00000000ed600000|  0%| F|  |TAMS 0x00000000ed500000| PB 0x00000000ed500000| Untracked 
| 214|0x00000000ed600000, 0x00000000ed600000, 0x00000000ed700000|  0%| F|  |TAMS 0x00000000ed600000| PB 0x00000000ed600000| Untracked 
| 215|0x00000000ed700000, 0x00000000ed700000, 0x00000000ed800000|  0%| F|  |TAMS 0x00000000ed700000| PB 0x00000000ed700000| Untracked 
| 216|0x00000000ed800000, 0x00000000ed800000, 0x00000000ed900000|  0%| F|  |TAMS 0x00000000ed800000| PB 0x00000000ed800000| Untracked 
| 217|0x00000000ed900000, 0x00000000ed900000, 0x00000000eda00000|  0%| F|  |TAMS 0x00000000ed900000| PB 0x00000000ed900000| Untracked 
| 218|0x00000000eda00000, 0x00000000eda00000, 0x00000000edb00000|  0%| F|  |TAMS 0x00000000eda00000| PB 0x00000000eda00000| Untracked 
| 219|0x00000000edb00000, 0x00000000edb00000, 0x00000000edc00000|  0%| F|  |TAMS 0x00000000edb00000| PB 0x00000000edb00000| Untracked 
| 220|0x00000000edc00000, 0x00000000edc00000, 0x00000000edd00000|  0%| F|  |TAMS 0x00000000edc00000| PB 0x00000000edc00000| Untracked 
| 221|0x00000000edd00000, 0x00000000edd00000, 0x00000000ede00000|  0%| F|  |TAMS 0x00000000edd00000| PB 0x00000000edd00000| Untracked 
| 222|0x00000000ede00000, 0x00000000ede00000, 0x00000000edf00000|  0%| F|  |TAMS 0x00000000ede00000| PB 0x00000000ede00000| Untracked 
| 223|0x00000000edf00000, 0x00000000edf00000, 0x00000000ee000000|  0%| F|  |TAMS 0x00000000edf00000| PB 0x00000000edf00000| Untracked 
| 224|0x00000000ee000000, 0x00000000ee000000, 0x00000000ee100000|  0%| F|  |TAMS 0x00000000ee000000| PB 0x00000000ee000000| Untracked 
| 225|0x00000000ee100000, 0x00000000ee100000, 0x00000000ee200000|  0%| F|  |TAMS 0x00000000ee100000| PB 0x00000000ee100000| Untracked 
| 226|0x00000000ee200000, 0x00000000ee200000, 0x00000000ee300000|  0%| F|  |TAMS 0x00000000ee200000| PB 0x00000000ee200000| Untracked 
| 227|0x00000000ee300000, 0x00000000ee300000, 0x00000000ee400000|  0%| F|  |TAMS 0x00000000ee300000| PB 0x00000000ee300000| Untracked 
| 228|0x00000000ee400000, 0x00000000ee400000, 0x00000000ee500000|  0%| F|  |TAMS 0x00000000ee400000| PB 0x00000000ee400000| Untracked 
| 229|0x00000000ee500000, 0x00000000ee500000, 0x00000000ee600000|  0%| F|  |TAMS 0x00000000ee500000| PB 0x00000000ee500000| Untracked 
| 230|0x00000000ee600000, 0x00000000ee600000, 0x00000000ee700000|  0%| F|  |TAMS 0x00000000ee600000| PB 0x00000000ee600000| Untracked 
| 231|0x00000000ee700000, 0x00000000ee700000, 0x00000000ee800000|  0%| F|  |TAMS 0x00000000ee700000| PB 0x00000000ee700000| Untracked 
| 232|0x00000000ee800000, 0x00000000ee800000, 0x00000000ee900000|  0%| F|  |TAMS 0x00000000ee800000| PB 0x00000000ee800000| Untracked 
| 233|0x00000000ee900000, 0x00000000ee900000, 0x00000000eea00000|  0%| F|  |TAMS 0x00000000ee900000| PB 0x00000000ee900000| Untracked 
| 234|0x00000000eea00000, 0x00000000eea00000, 0x00000000eeb00000|  0%| F|  |TAMS 0x00000000eea00000| PB 0x00000000eea00000| Untracked 
| 235|0x00000000eeb00000, 0x00000000eeb00000, 0x00000000eec00000|  0%| F|  |TAMS 0x00000000eeb00000| PB 0x00000000eeb00000| Untracked 
| 236|0x00000000eec00000, 0x00000000eec00000, 0x00000000eed00000|  0%| F|  |TAMS 0x00000000eec00000| PB 0x00000000eec00000| Untracked 
| 237|0x00000000eed00000, 0x00000000eed00000, 0x00000000eee00000|  0%| F|  |TAMS 0x00000000eed00000| PB 0x00000000eed00000| Untracked 
| 238|0x00000000eee00000, 0x00000000eee00000, 0x00000000eef00000|  0%| F|  |TAMS 0x00000000eee00000| PB 0x00000000eee00000| Untracked 
| 239|0x00000000eef00000, 0x00000000eef00000, 0x00000000ef000000|  0%| F|  |TAMS 0x00000000eef00000| PB 0x00000000eef00000| Untracked 
| 240|0x00000000ef000000, 0x00000000ef000000, 0x00000000ef100000|  0%| F|  |TAMS 0x00000000ef000000| PB 0x00000000ef000000| Untracked 
| 241|0x00000000ef100000, 0x00000000ef100000, 0x00000000ef200000|  0%| F|  |TAMS 0x00000000ef100000| PB 0x00000000ef100000| Untracked 
| 242|0x00000000ef200000, 0x00000000ef200000, 0x00000000ef300000|  0%| F|  |TAMS 0x00000000ef200000| PB 0x00000000ef200000| Untracked 
| 243|0x00000000ef300000, 0x00000000ef300000, 0x00000000ef400000|  0%| F|  |TAMS 0x00000000ef300000| PB 0x00000000ef300000| Untracked 
| 244|0x00000000ef400000, 0x00000000ef400000, 0x00000000ef500000|  0%| F|  |TAMS 0x00000000ef400000| PB 0x00000000ef400000| Untracked 
| 245|0x00000000ef500000, 0x00000000ef500000, 0x00000000ef600000|  0%| F|  |TAMS 0x00000000ef500000| PB 0x00000000ef500000| Untracked 
| 246|0x00000000ef600000, 0x00000000ef600000, 0x00000000ef700000|  0%| F|  |TAMS 0x00000000ef600000| PB 0x00000000ef600000| Untracked 
| 247|0x00000000ef700000, 0x00000000ef700000, 0x00000000ef800000|  0%| F|  |TAMS 0x00000000ef700000| PB 0x00000000ef700000| Untracked 
| 248|0x00000000ef800000, 0x00000000ef800000, 0x00000000ef900000|  0%| F|  |TAMS 0x00000000ef800000| PB 0x00000000ef800000| Untracked 
| 249|0x00000000ef900000, 0x00000000ef900000, 0x00000000efa00000|  0%| F|  |TAMS 0x00000000ef900000| PB 0x00000000ef900000| Untracked 
| 250|0x00000000efa00000, 0x00000000efa80800, 0x00000000efb00000| 50%| E|  |TAMS 0x00000000efa00000| PB 0x00000000efa00000| Complete 
| 251|0x00000000efb00000, 0x00000000efc00000, 0x00000000efc00000|100%| E|CS|TAMS 0x00000000efb00000| PB 0x00000000efb00000| Complete 
| 252|0x00000000efc00000, 0x00000000efd00000, 0x00000000efd00000|100%| E|CS|TAMS 0x00000000efc00000| PB 0x00000000efc00000| Complete 
| 253|0x00000000efd00000, 0x00000000efe00000, 0x00000000efe00000|100%| E|CS|TAMS 0x00000000efd00000| PB 0x00000000efd00000| Complete 
| 254|0x00000000efe00000, 0x00000000eff00000, 0x00000000eff00000|100%| E|CS|TAMS 0x00000000efe00000| PB 0x00000000efe00000| Complete 
| 255|0x00000000eff00000, 0x00000000f0000000, 0x00000000f0000000|100%| E|CS|TAMS 0x00000000eff00000| PB 0x00000000eff00000| Complete 

Card table byte_map: [0x00000216d8770000,0x00000216d8870000] _byte_map_base: 0x00000216d8070000

Marking Bits: (CMBitMap*) 0x00000216c13333a0
 Bits: [0x00000216d8870000, 0x00000216d9070000)

Polling page: 0x00000216bf310000

Metaspace:

Usage:
  Non-class:     29.61 MB used.
      Class:      4.80 MB used.
       Both:     34.41 MB used.

Virtual space:
  Non-class space:       64.00 MB reserved,      30.19 MB ( 47%) committed,  1 nodes.
      Class space:      320.00 MB reserved,       5.31 MB (  2%) committed,  1 nodes.
             Both:      384.00 MB reserved,      35.50 MB (  9%) committed. 

Chunk freelists:
   Non-Class:  1.61 MB
       Class:  10.73 MB
        Both:  12.34 MB

MaxMetaspaceSize: 384.00 MB
CompressedClassSpaceSize: 320.00 MB
Initial GC threshold: 21.00 MB
Current GC threshold: 58.69 MB
CDS: on
 - commit_granule_bytes: 65536.
 - commit_granule_words: 8192.
 - virtual_space_node_default_size: 8388608.
 - enlarge_chunks_in_place: 1.
 - use_allocation_guard: 0.


Internal statistics:

num_allocs_failed_limit: 6.
num_arena_births: 1746.
num_arena_deaths: 0.
num_vsnodes_births: 2.
num_vsnodes_deaths: 0.
num_space_committed: 568.
num_space_uncommitted: 0.
num_chunks_returned_to_freelist: 6.
num_chunks_taken_from_freelist: 3216.
num_chunk_merges: 6.
num_chunk_splits: 2105.
num_chunks_enlarged: 1325.
num_inconsistent_stats: 0.

CodeHeap 'non-profiled nmethods': size=120000Kb used=2063Kb max_used=2425Kb free=117936Kb
 bounds [0x00000216d1240000, 0x00000216d14b0000, 0x00000216d8770000]
CodeHeap 'profiled nmethods': size=120000Kb used=7789Kb max_used=8921Kb free=112210Kb
 bounds [0x00000216c9770000, 0x00000216ca040000, 0x00000216d0ca0000]
CodeHeap 'non-nmethods': size=5760Kb used=2910Kb max_used=2922Kb free=2850Kb
 bounds [0x00000216d0ca0000, 0x00000216d0f80000, 0x00000216d1240000]
 total_blobs=4776 nmethods=3955 adapters=724
 compilation: enabled
              stopped_count=0, restarted_count=0
 full_count=0

Compilation events (20 events):
Event: 72.590 Thread 0x00000216db68c310 4357       3       java.beans.PropertyDescriptor::getPropertyType0 (22 bytes)
Event: 72.591 Thread 0x00000216db68c310 nmethod 4357 0x00000216ca016590 code [0x00000216ca016760, 0x00000216ca016aa0]
Event: 72.591 Thread 0x00000216db68c310 4358       1       groovy.lang.MetaBeanProperty::getGetter (5 bytes)
Event: 72.591 Thread 0x00000216db68c310 nmethod 4358 0x00000216d149ad90 code [0x00000216d149af20, 0x00000216d149afe8]
Event: 72.591 Thread 0x00000216db68c310 4359       1       groovy.lang.MetaBeanProperty::getField (5 bytes)
Event: 72.591 Thread 0x00000216db68c310 nmethod 4359 0x00000216d149b090 code [0x00000216d149b220, 0x00000216d149b2e8]
Event: 72.591 Thread 0x00000216db68a0c0 nmethod 4355 0x00000216d149b390 code [0x00000216d149b540, 0x00000216d149b6f8]
Event: 72.592 Thread 0x00000216db68c310 4361       3       org.codehaus.groovy.util.ComplexKeyHashMap$1::nextEntry (69 bytes)
Event: 72.592 Thread 0x00000216db68c310 nmethod 4361 0x00000216ca016b90 code [0x00000216ca016d60, 0x00000216ca0170f8]
Event: 72.592 Thread 0x00000216db68c310 4360       3       org.codehaus.groovy.util.ComplexKeyHashMap$1::next (5 bytes)
Event: 72.592 Thread 0x00000216db68c310 nmethod 4360 0x00000216ca017290 code [0x00000216ca017440, 0x00000216ca017598]
Event: 72.592 Thread 0x00000216db68a0c0 4362       4       sun.invoke.util.VerifyType::isNullConversion (157 bytes)
Event: 72.598 Thread 0x00000216db68a0c0 nmethod 4362 0x00000216d149b890 code [0x00000216d149bac0, 0x00000216d149bf78]
Event: 72.661 Thread 0x00000216db68a0c0 4363       4       sun.instrument.InstrumentationImpl::transform (73 bytes)
Event: 72.683 Thread 0x00000216db68a0c0 nmethod 4363 0x00000216d149c390 code [0x00000216d149c540, 0x00000216d149c8e8]
Event: 72.683 Thread 0x00000216db68a0c0 4364   !   4       org.gradle.internal.instrumentation.agent.DefaultClassFileTransformer::transform (42 bytes)
Event: 72.684 Thread 0x00000216db68a0c0 nmethod 4364 0x00000216d149cc90 code [0x00000216d149ce20, 0x00000216d149cf18]
Event: 72.685 Thread 0x00000216db68a0c0 4365   !   4       java.lang.ClassLoader::loadClass (121 bytes)
Event: 72.997 Thread 0x00000216db68c310 4367       3       java.lang.invoke.InvokerBytecodeGenerator::emitStoreInsn (21 bytes)
Event: 72.998 Thread 0x00000216db68c310 nmethod 4367 0x00000216ca017690 code [0x00000216ca017860, 0x00000216ca017ab8]

GC Heap History (8 events):
Event: 8.560 GC heap before
{Heap before GC invocations=0 (full 0):
 garbage-first heap   total 262144K, used 13312K [0x00000000e0000000, 0x0000000100000000)
  region size 1024K, 13 young (13312K), 0 survivors (0K)
 Metaspace       used 800K, committed 960K, reserved 393216K
  class space    used 67K, committed 128K, reserved 327680K
}
Event: 8.595 GC heap after
{Heap after GC invocations=1 (full 0):
 garbage-first heap   total 262144K, used 1248K [0x00000000e0000000, 0x0000000100000000)
  region size 1024K, 2 young (2048K), 2 survivors (2048K)
 Metaspace       used 800K, committed 960K, reserved 393216K
  class space    used 67K, committed 128K, reserved 327680K
}
Event: 14.349 GC heap before
{Heap before GC invocations=1 (full 0):
 garbage-first heap   total 262144K, used 21728K [0x00000000e0000000, 0x0000000100000000)
  region size 1024K, 20 young (20480K), 2 survivors (2048K)
 Metaspace       used 2707K, committed 2880K, reserved 393216K
  class space    used 300K, committed 384K, reserved 327680K
}
Event: 14.364 GC heap after
{Heap after GC invocations=2 (full 0):
 garbage-first heap   total 262144K, used 9425K [0x00000000e0000000, 0x0000000100000000)
  region size 1024K, 3 young (3072K), 3 survivors (3072K)
 Metaspace       used 2707K, committed 2880K, reserved 393216K
  class space    used 300K, committed 384K, reserved 327680K
}
Event: 56.342 GC heap before
{Heap before GC invocations=2 (full 0):
 garbage-first heap   total 262144K, used 164049K [0x00000000e0000000, 0x0000000100000000)
  region size 1024K, 153 young (156672K), 3 survivors (3072K)
 Metaspace       used 20059K, committed 20672K, reserved 393216K
  class space    used 2896K, committed 3200K, reserved 327680K
}
Event: 56.455 GC heap after
{Heap after GC invocations=3 (full 0):
 garbage-first heap   total 262144K, used 23006K [0x00000000e0000000, 0x0000000100000000)
  region size 1024K, 16 young (16384K), 16 survivors (16384K)
 Metaspace       used 20059K, committed 20672K, reserved 393216K
  class space    used 2896K, committed 3200K, reserved 327680K
}
Event: 57.170 GC heap before
{Heap before GC invocations=3 (full 0):
 garbage-first heap   total 262144K, used 30174K [0x00000000e0000000, 0x0000000100000000)
  region size 1024K, 24 young (24576K), 16 survivors (16384K)
 Metaspace       used 20896K, committed 21504K, reserved 393216K
  class space    used 3024K, committed 3328K, reserved 327680K
}
Event: 57.219 GC heap after
{Heap after GC invocations=4 (full 0):
 garbage-first heap   total 262144K, used 24638K [0x00000000e0000000, 0x0000000100000000)
  region size 1024K, 2 young (2048K), 2 survivors (2048K)
 Metaspace       used 20896K, committed 21504K, reserved 393216K
  class space    used 3024K, committed 3328K, reserved 327680K
}

Dll operation events (15 events):
Event: 0.711 Loaded shared library C:\Program Files\Java\jdk-21\bin\java.dll
Event: 2.008 Loaded shared library C:\Program Files\Java\jdk-21\bin\jsvml.dll
Event: 2.753 Loaded shared library C:\Program Files\Java\jdk-21\bin\zip.dll
Event: 2.828 Loaded shared library C:\Program Files\Java\jdk-21\bin\instrument.dll
Event: 2.937 Loaded shared library C:\Program Files\Java\jdk-21\bin\net.dll
Event: 3.511 Loaded shared library C:\Program Files\Java\jdk-21\bin\nio.dll
Event: 3.540 Loaded shared library C:\Program Files\Java\jdk-21\bin\zip.dll
Event: 9.219 Loaded shared library C:\Program Files\Java\jdk-21\bin\jimage.dll
Event: 12.129 Loaded shared library C:\Program Files\Java\jdk-21\bin\verify.dll
Event: 13.996 Loaded shared library C:\Users\pcmake\.gradle\native\1def1411415f61bf3af743bc5b6707747c0891f09f0c88961ee8f79bc544acac\windows-amd64\native-platform.dll
Event: 14.344 Loaded shared library C:\Users\pcmake\.gradle\native\0.2.6\x86_64-windows-gnu\gradle-fileevents.dll
Event: 30.072 Loaded shared library C:\Program Files\Java\jdk-21\bin\management.dll
Event: 30.264 Loaded shared library C:\Program Files\Java\jdk-21\bin\management_ext.dll
Event: 32.993 Loaded shared library C:\Program Files\Java\jdk-21\bin\extnet.dll
Event: 45.492 Loaded shared library C:\Program Files\Java\jdk-21\bin\sunmscapi.dll

Deoptimization events (20 events):
Event: 72.399 Thread 0x00000216f607d690 Uncommon trap: trap_request=0xffffff45 fr.pc=0x00000216d140b848 relative=0x00000000000000a8
Event: 72.399 Thread 0x00000216f607d690 Uncommon trap: reason=unstable_if action=reinterpret pc=0x00000216d140b848 method=java.lang.invoke.InvokerBytecodeGenerator.storeInsnOpcode(Ljava/lang/invoke/LambdaForm$BasicType;)I @ 8 c2
Event: 72.399 Thread 0x00000216f607d690 DEOPT PACKING pc=0x00000216d140b848 sp=0x000000b993ff9780
Event: 72.399 Thread 0x00000216f607d690 DEOPT UNPACKING pc=0x00000216d0cf7da2 sp=0x000000b993ff9720 mode 2
Event: 72.532 Thread 0x00000216f607d690 Uncommon trap: trap_request=0xffffffc6 fr.pc=0x00000216d143efb0 relative=0x00000000000080d0
Event: 72.532 Thread 0x00000216f607d690 Uncommon trap: reason=bimorphic_or_optimized_type_check action=maybe_recompile pc=0x00000216d143efb0 method=java.lang.ClassLoader.loadClass(Ljava/lang/String;Z)Ljava/lang/Class; @ 69 c2
Event: 72.532 Thread 0x00000216f607d690 DEOPT PACKING pc=0x00000216d143efb0 sp=0x000000b993ff8c70
Event: 72.532 Thread 0x00000216f607d690 DEOPT UNPACKING pc=0x00000216d0cf7da2 sp=0x000000b993ff8ce0 mode 2
Event: 72.532 Thread 0x00000216f607d690 Uncommon trap: trap_request=0xffffffc6 fr.pc=0x00000216d143efb0 relative=0x00000000000080d0
Event: 72.532 Thread 0x00000216f607d690 Uncommon trap: reason=bimorphic_or_optimized_type_check action=maybe_recompile pc=0x00000216d143efb0 method=java.lang.ClassLoader.loadClass(Ljava/lang/String;Z)Ljava/lang/Class; @ 69 c2
Event: 72.532 Thread 0x00000216f607d690 DEOPT PACKING pc=0x00000216d143efb0 sp=0x000000b993ff8e60
Event: 72.532 Thread 0x00000216f607d690 DEOPT UNPACKING pc=0x00000216d0cf7da2 sp=0x000000b993ff8ed0 mode 2
Event: 72.534 Thread 0x00000216f607d690 Uncommon trap: trap_request=0xffffffc6 fr.pc=0x00000216d143efb0 relative=0x00000000000080d0
Event: 72.534 Thread 0x00000216f607d690 Uncommon trap: reason=bimorphic_or_optimized_type_check action=maybe_recompile pc=0x00000216d143efb0 method=java.lang.ClassLoader.loadClass(Ljava/lang/String;Z)Ljava/lang/Class; @ 69 c2
Event: 72.534 Thread 0x00000216f607d690 DEOPT PACKING pc=0x00000216d143efb0 sp=0x000000b993ff8af0
Event: 72.534 Thread 0x00000216f607d690 DEOPT UNPACKING pc=0x00000216d0cf7da2 sp=0x000000b993ff8b60 mode 2
Event: 72.534 Thread 0x00000216f607d690 Uncommon trap: trap_request=0xffffffc6 fr.pc=0x00000216d143efb0 relative=0x00000000000080d0
Event: 72.534 Thread 0x00000216f607d690 Uncommon trap: reason=bimorphic_or_optimized_type_check action=maybe_recompile pc=0x00000216d143efb0 method=java.lang.ClassLoader.loadClass(Ljava/lang/String;Z)Ljava/lang/Class; @ 69 c2
Event: 72.534 Thread 0x00000216f607d690 DEOPT PACKING pc=0x00000216d143efb0 sp=0x000000b993ff8ce0
Event: 72.534 Thread 0x00000216f607d690 DEOPT UNPACKING pc=0x00000216d0cf7da2 sp=0x000000b993ff8d50 mode 2

Classes loaded (20 events):
Event: 66.654 Loading class jdk/internal/jrtfs/JrtFileAttributes
Event: 66.659 Loading class jdk/internal/jrtfs/JrtFileAttributes done
Event: 66.660 Loading class jdk/internal/jrtfs/JrtDirectoryStream
Event: 66.668 Loading class jdk/internal/jrtfs/JrtDirectoryStream done
Event: 66.669 Loading class jdk/internal/jrtfs/JrtDirectoryStream$1
Event: 66.677 Loading class jdk/internal/jrtfs/JrtDirectoryStream$1 done
Event: 66.678 Loading class java/util/function/BooleanSupplier
Event: 66.678 Loading class java/util/function/BooleanSupplier done
Event: 66.680 Loading class jdk/internal/jimage/ImageReader$Resource
Event: 66.680 Loading class jdk/internal/jimage/ImageReader$Resource done
Event: 67.049 Loading class java/util/WeakHashMap$KeyIterator
Event: 67.052 Loading class java/util/WeakHashMap$HashIterator
Event: 67.055 Loading class java/util/WeakHashMap$HashIterator done
Event: 67.055 Loading class java/util/WeakHashMap$KeyIterator done
Event: 72.392 Loading class sun/invoke/util/ValueConversions$1
Event: 72.392 Loading class sun/invoke/util/ValueConversions$1 done
Event: 72.393 Loading class java/lang/invoke/BoundMethodHandle$Species_LI
Event: 72.393 Loading class java/lang/invoke/BoundMethodHandle$Species_LI done
Event: 72.766 Loading class sun/reflect/MagicAccessorImpl
Event: 72.766 Loading class sun/reflect/MagicAccessorImpl done

Classes unloaded (0 events):
No events

Classes redefined (0 events):
No events

Internal exceptions (20 events):
Event: 67.098 Thread 0x00000216f607d690 Exception <a 'java/lang/ClassNotFoundException'{0x00000000ea55f2d0}: groovy/lang/ScriptCustomizer> (0x00000000ea55f2d0) 
thrown [s\open\src\hotspot\share\classfile\systemDictionary.cpp, line 312]
Event: 67.102 Thread 0x00000216f607d690 Exception <a 'java/lang/ClassNotFoundException'{0x00000000ea5705a8}: org/gradle/groovy/scripts/ScriptCustomizer> (0x00000000ea5705a8) 
thrown [s\open\src\hotspot\share\classfile\systemDictionary.cpp, line 312]
Event: 67.104 Thread 0x00000216f607d690 Exception <a 'java/lang/ClassNotFoundException'{0x00000000ea57f9c8}: org/gradle/groovy/scripts/BasicScriptCustomizer> (0x00000000ea57f9c8) 
thrown [s\open\src\hotspot\share\classfile\systemDictionary.cpp, line 312]
Event: 67.108 Thread 0x00000216f607d690 Exception <a 'java/lang/ClassNotFoundException'{0x00000000ea595620}: org/gradle/groovy/scripts/DefaultScriptCustomizer> (0x00000000ea595620) 
thrown [s\open\src\hotspot\share\classfile\systemDictionary.cpp, line 312]
Event: 67.122 Thread 0x00000216f607d690 Exception <a 'java/lang/ClassNotFoundException'{0x00000000ea5d7200}: org/gradle/initialization/InitScriptCustomizer> (0x00000000ea5d7200) 
thrown [s\open\src\hotspot\share\classfile\systemDictionary.cpp, line 312]
Event: 67.125 Thread 0x00000216f607d690 Exception <a 'java/lang/ClassNotFoundException'{0x00000000ea5e55d0}: ijMapper1_57x6np0fe00xz3p7lmir634xaCustomizer> (0x00000000ea5e55d0) 
thrown [s\open\src\hotspot\share\classfile\systemDictionary.cpp, line 312]
Event: 67.168 Thread 0x00000216f607d690 Exception <a 'java/lang/ClassNotFoundException'{0x00000000ea4b9010}: org/gradle/internal/extensibility/DefaultExtraPropertiesExtensionBeanInfo> (0x00000000ea4b9010) 
thrown [s\open\src\hotspot\share\classfile\systemDictionary.cpp, line 312]
Event: 67.169 Thread 0x00000216f607d690 Exception <a 'java/lang/ClassNotFoundException'{0x00000000ea4c1cd8}: org/gradle/internal/extensibility/DefaultExtraPropertiesExtensionCustomizer> (0x00000000ea4c1cd8) 
thrown [s\open\src\hotspot\share\classfile\systemDictionary.cpp, line 312]
Event: 72.047 Thread 0x00000216f607d690 Exception <a 'java/lang/NoSuchMethodError'{0x00000000ea220da8}: 'java.lang.Object java.lang.invoke.DirectMethodHandle$Holder.invokeSpecialIFC(java.lang.Object, java.lang.Object, java.lang.Object, java.lang.Object)'> (0x00000000ea220da8) 
thrown [s\open\src\hotspot\share\interpreter\linkResolver.cpp, line 773]
Event: 72.368 Thread 0x00000216f607d690 Exception <a 'java/lang/NoSuchMethodError'{0x00000000e9f87510}: 'void java.lang.invoke.Invokers$Holder.invoke_MT(java.lang.Object, java.lang.Object, java.lang.Object, java.lang.Object)'> (0x00000000e9f87510) 
thrown [s\open\src\hotspot\share\interpreter\linkResolver.cpp, line 773]
Event: 72.375 Thread 0x00000216f607d690 Implicit null exception at 0x00000216d13956f2 to 0x00000216d1395970
Event: 72.393 Thread 0x00000216f607d690 Exception <a 'java/lang/NoSuchMethodError'{0x00000000e9fa5168}: 'int java.lang.invoke.DirectMethodHandle$Holder.invokeSpecial(java.lang.Object, java.lang.Object, java.lang.Object, int)'> (0x00000000e9fa5168) 
thrown [s\open\src\hotspot\share\interpreter\linkResolver.cpp, line 773]
Event: 72.396 Thread 0x00000216f607d690 Exception <a 'java/lang/NoSuchMethodError'{0x00000000e9fb63b0}: 'java.lang.Object java.lang.invoke.DirectMethodHandle$Holder.invokeStatic(java.lang.Object, java.lang.Object, java.lang.Object, java.lang.Object, int)'> (0x00000000e9fb63b0) 
thrown [s\open\src\hotspot\share\interpreter\linkResolver.cpp, line 773]
Event: 72.398 Thread 0x00000216f607d690 Exception <a 'java/lang/NoSuchMethodError'{0x00000000e9fbea78}: 'java.lang.Object java.lang.invoke.DirectMethodHandle$Holder.invokeSpecial(java.lang.Object, java.lang.Object, java.lang.Object, java.lang.Object, int)'> (0x00000000e9fbea78) 
thrown [s\open\src\hotspot\share\interpreter\linkResolver.cpp, line 773]
Event: 72.532 Thread 0x00000216f607d690 Exception <a 'java/lang/ClassNotFoundException'{0x00000000e9d1ef88}: org/gradle/invocation/DefaultGradle_DecoratedBeanInfo> (0x00000000e9d1ef88) 
thrown [s\open\src\hotspot\share\classfile\systemDictionary.cpp, line 312]
Event: 72.535 Thread 0x00000216f607d690 Exception <a 'java/lang/ClassNotFoundException'{0x00000000e9d2c2d8}: org/gradle/invocation/DefaultGradleBeanInfo> (0x00000000e9d2c2d8) 
thrown [s\open\src\hotspot\share\classfile\systemDictionary.cpp, line 312]
Event: 72.535 Thread 0x00000216f607d690 Exception <a 'java/lang/ClassNotFoundException'{0x00000000e9d39b58}: org/gradle/api/internal/project/AbstractPluginAwareBeanInfo> (0x00000000e9d39b58) 
thrown [s\open\src\hotspot\share\classfile\systemDictionary.cpp, line 312]
Event: 72.536 Thread 0x00000216f607d690 Exception <a 'java/lang/ClassNotFoundException'{0x00000000e9d47428}: org/gradle/api/internal/project/AbstractPluginAwareCustomizer> (0x00000000e9d47428) 
thrown [s\open\src\hotspot\share\classfile\systemDictionary.cpp, line 312]
Event: 72.542 Thread 0x00000216f607d690 Exception <a 'java/lang/ClassNotFoundException'{0x00000000e9d5b378}: org/gradle/invocation/DefaultGradleCustomizer> (0x00000000e9d5b378) 
thrown [s\open\src\hotspot\share\classfile\systemDictionary.cpp, line 312]
Event: 72.555 Thread 0x00000216f607d690 Exception <a 'java/lang/ClassNotFoundException'{0x00000000e9d9fc28}: org/gradle/invocation/DefaultGradle_DecoratedCustomizer> (0x00000000e9d9fc28) 
thrown [s\open\src\hotspot\share\classfile\systemDictionary.cpp, line 312]

ZGC Phase Switch (0 events):
No events

VM Operations (20 events):
Event: 63.680 Executing VM operation: Cleanup
Event: 63.680 Executing VM operation: Cleanup done
Event: 64.692 Executing VM operation: Cleanup
Event: 64.710 Executing VM operation: Cleanup done
Event: 64.835 Executing VM operation: HandshakeAllThreads (Deoptimize)
Event: 64.835 Executing VM operation: HandshakeAllThreads (Deoptimize) done
Event: 65.568 Executing VM operation: HandshakeAllThreads (Deoptimize)
Event: 65.568 Executing VM operation: HandshakeAllThreads (Deoptimize) done
Event: 66.320 Executing VM operation: HandshakeAllThreads (Deoptimize)
Event: 66.320 Executing VM operation: HandshakeAllThreads (Deoptimize) done
Event: 66.320 Executing VM operation: Cleanup
Event: 66.320 Executing VM operation: Cleanup done
Event: 66.653 Executing VM operation: HandshakeAllThreads (Deoptimize)
Event: 66.653 Executing VM operation: HandshakeAllThreads (Deoptimize) done
Event: 67.662 Executing VM operation: Cleanup
Event: 67.663 Executing VM operation: Cleanup done
Event: 69.665 Executing VM operation: Cleanup
Event: 69.665 Executing VM operation: Cleanup done
Event: 72.676 Executing VM operation: Cleanup
Event: 72.676 Executing VM operation: Cleanup done

Events (20 events):
Event: 43.920 Thread 0x00000216f66c0e50 Thread added: 0x00000216f66c0e50
Event: 45.891 Thread 0x00000216f59f3660 Thread added: 0x00000216f59f3660
Event: 45.899 Thread 0x00000216f59f40a0 Thread added: 0x00000216f59f40a0
Event: 46.765 Thread 0x00000216f607d020 Thread added: 0x00000216f607d020
Event: 46.800 Thread 0x00000216f607d690 Thread added: 0x00000216f607d690
Event: 46.853 Thread 0x00000216f672d5d0 Thread added: 0x00000216f672d5d0
Event: 46.882 Thread 0x00000216f672c8b0 Thread added: 0x00000216f672c8b0
Event: 46.889 Thread 0x00000216f672bb90 Thread added: 0x00000216f672bb90
Event: 50.110 Thread 0x00000216f672cf40 Thread added: 0x00000216f672cf40
Event: 50.254 Thread 0x00000216f672e2f0 Thread added: 0x00000216f672e2f0
Event: 51.954 Thread 0x00000216f672dc60 Thread added: 0x00000216f672dc60
Event: 52.197 Thread 0x00000216f672b500 Thread added: 0x00000216f672b500
Event: 58.332 Thread 0x00000216f672e980 Thread added: 0x00000216f672e980
Event: 58.510 Thread 0x00000216f78aa0a0 Thread added: 0x00000216f78aa0a0
Event: 60.349 Thread 0x00000216f78a6c20 Thread added: 0x00000216f78a6c20
Event: 60.362 Thread 0x00000216f78a7fd0 Thread added: 0x00000216f78a7fd0
Event: 61.958 Thread 0x00000216f78a6590 Thread added: 0x00000216f78a6590
Event: 62.792 Thread 0x00000216f78a72b0 Thread added: 0x00000216f78a72b0
Event: 67.275 Thread 0x00000216f78a9a10 Thread added: 0x00000216f78a9a10
Event: 72.086 Thread 0x00000216f78a8660 Thread added: 0x00000216f78a8660


Dynamic libraries:
0x00007ff70ab20000 - 0x00007ff70ab30000 	C:\Program Files\Java\jdk-21\bin\java.exe
0x00007ffc28a90000 - 0x00007ffc28ca7000 	C:\WINDOWS\SYSTEM32\ntdll.dll
0x00007ffc279c0000 - 0x00007ffc27a84000 	C:\WINDOWS\System32\KERNEL32.DLL
0x00007ffc26390000 - 0x00007ffc2674a000 	C:\WINDOWS\System32\KERNELBASE.dll
0x00007ffc26040000 - 0x00007ffc26151000 	C:\WINDOWS\System32\ucrtbase.dll
0x00007ffc1e750000 - 0x00007ffc1e769000 	C:\Program Files\Java\jdk-21\bin\jli.dll
0x00007ffc1e070000 - 0x00007ffc1e08b000 	C:\Program Files\Java\jdk-21\bin\VCRUNTIME140.dll
0x00007ffc27010000 - 0x00007ffc270c2000 	C:\WINDOWS\System32\ADVAPI32.dll
0x00007ffc27260000 - 0x00007ffc27307000 	C:\WINDOWS\System32\msvcrt.dll
0x00007ffc27f00000 - 0x00007ffc27fa7000 	C:\WINDOWS\System32\sechost.dll
0x00007ffc26750000 - 0x00007ffc26778000 	C:\WINDOWS\System32\bcrypt.dll
0x00007ffc26ef0000 - 0x00007ffc27004000 	C:\WINDOWS\System32\RPCRT4.dll
0x00007ffc07410000 - 0x00007ffc076a2000 	C:\WINDOWS\WinSxS\amd64_microsoft.windows.common-controls_6595b64144ccf1df_6.0.22621.4541_none_2710d1c57384c085\COMCTL32.dll
0x00007ffc26cc0000 - 0x00007ffc26e6e000 	C:\WINDOWS\System32\USER32.dll
0x00007ffc27fb0000 - 0x00007ffc27fd9000 	C:\WINDOWS\System32\GDI32.dll
0x00007ffc25e70000 - 0x00007ffc25e96000 	C:\WINDOWS\System32\win32u.dll
0x00007ffc25d50000 - 0x00007ffc25e6b000 	C:\WINDOWS\System32\gdi32full.dll
0x00007ffc25f20000 - 0x00007ffc25fba000 	C:\WINDOWS\System32\msvcp_win.dll
0x00007ffc21f10000 - 0x00007ffc21f1a000 	C:\WINDOWS\SYSTEM32\VERSION.dll
0x00007ffc27c40000 - 0x00007ffc27c71000 	C:\WINDOWS\System32\IMM32.DLL
0x00007ffc1fcb0000 - 0x00007ffc1fcbc000 	C:\Program Files\Java\jdk-21\bin\vcruntime140_1.dll
0x00007ffc13df0000 - 0x00007ffc13e7e000 	C:\Program Files\Java\jdk-21\bin\msvcp140.dll
0x00007ffba9830000 - 0x00007ffbaa547000 	C:\Program Files\Java\jdk-21\bin\server\jvm.dll
0x00007ffc26c40000 - 0x00007ffc26cb1000 	C:\WINDOWS\System32\WS2_32.dll
0x00007ffc0b390000 - 0x00007ffc0b3c4000 	C:\WINDOWS\SYSTEM32\WINMM.dll
0x00007ffc25c30000 - 0x00007ffc25c7d000 	C:\WINDOWS\SYSTEM32\POWRPROF.dll
0x00007ffc25c00000 - 0x00007ffc25c13000 	C:\WINDOWS\SYSTEM32\UMPDC.dll
0x00007ffc24d90000 - 0x00007ffc24da8000 	C:\WINDOWS\SYSTEM32\kernel.appcore.dll
0x00007ffc1f5b0000 - 0x00007ffc1f5ba000 	C:\Program Files\Java\jdk-21\bin\jimage.dll
0x00007ffc23770000 - 0x00007ffc239a2000 	C:\WINDOWS\SYSTEM32\DBGHELP.DLL
0x00007ffc26780000 - 0x00007ffc26b11000 	C:\WINDOWS\System32\combase.dll
0x00007ffc270d0000 - 0x00007ffc271a7000 	C:\WINDOWS\System32\OLEAUT32.dll
0x00007ffc1ee30000 - 0x00007ffc1ee62000 	C:\WINDOWS\SYSTEM32\dbgcore.DLL
0x00007ffc25fc0000 - 0x00007ffc2603b000 	C:\WINDOWS\System32\bcryptPrimitives.dll
0x00007ffc1e060000 - 0x00007ffc1e06f000 	C:\Program Files\Java\jdk-21\bin\instrument.dll
0x00007ffc1aca0000 - 0x00007ffc1acbf000 	C:\Program Files\Java\jdk-21\bin\java.dll
0x00007ffc281b0000 - 0x00007ffc28a29000 	C:\WINDOWS\System32\SHELL32.dll
0x00007ffc23c90000 - 0x00007ffc24599000 	C:\WINDOWS\SYSTEM32\windows.storage.dll
0x00007ffc23b50000 - 0x00007ffc23c8f000 	C:\WINDOWS\SYSTEM32\wintypes.dll
0x00007ffc27c90000 - 0x00007ffc27d8a000 	C:\WINDOWS\System32\SHCORE.dll
0x00007ffc27e90000 - 0x00007ffc27eee000 	C:\WINDOWS\System32\shlwapi.dll
0x00007ffc25c80000 - 0x00007ffc25cab000 	C:\WINDOWS\SYSTEM32\profapi.dll
0x00007ffc13bd0000 - 0x00007ffc13ca7000 	C:\Program Files\Java\jdk-21\bin\jsvml.dll
0x00007ffc13dd0000 - 0x00007ffc13de8000 	C:\Program Files\Java\jdk-21\bin\zip.dll
0x00007ffc1e050000 - 0x00007ffc1e060000 	C:\Program Files\Java\jdk-21\bin\net.dll
0x00007ffc1f7f0000 - 0x00007ffc1f926000 	C:\WINDOWS\SYSTEM32\WINHTTP.dll
0x00007ffc25210000 - 0x00007ffc25279000 	C:\WINDOWS\system32\mswsock.dll
0x00007ffc13db0000 - 0x00007ffc13dc6000 	C:\Program Files\Java\jdk-21\bin\nio.dll
0x00007ffc1ac90000 - 0x00007ffc1aca0000 	C:\Program Files\Java\jdk-21\bin\verify.dll
0x00007ffc1e770000 - 0x00007ffc1e797000 	C:\Users\pcmake\.gradle\native\1def1411415f61bf3af743bc5b6707747c0891f09f0c88961ee8f79bc544acac\windows-amd64\native-platform.dll
0x00007ffc02750000 - 0x00007ffc027c8000 	C:\Users\pcmake\.gradle\native\0.2.6\x86_64-windows-gnu\gradle-fileevents.dll
0x00007ffc1abc0000 - 0x00007ffc1abca000 	C:\Program Files\Java\jdk-21\bin\management.dll
0x00007ffc16a50000 - 0x00007ffc16a5b000 	C:\Program Files\Java\jdk-21\bin\management_ext.dll
0x00007ffc27c80000 - 0x00007ffc27c88000 	C:\WINDOWS\System32\PSAPI.DLL
0x00007ffc24800000 - 0x00007ffc2482d000 	C:\WINDOWS\SYSTEM32\IPHLPAPI.DLL
0x00007ffc27ef0000 - 0x00007ffc27ef9000 	C:\WINDOWS\System32\NSI.dll
0x00007ffc140b0000 - 0x00007ffc140b9000 	C:\Program Files\Java\jdk-21\bin\extnet.dll
0x00007ffc25470000 - 0x00007ffc2548b000 	C:\WINDOWS\SYSTEM32\CRYPTSP.dll
0x00007ffc24cf0000 - 0x00007ffc24d25000 	C:\WINDOWS\system32\rsaenh.dll
0x00007ffc25300000 - 0x00007ffc25328000 	C:\WINDOWS\SYSTEM32\USERENV.dll
0x00007ffc25460000 - 0x00007ffc2546c000 	C:\WINDOWS\SYSTEM32\CRYPTBASE.dll
0x00007ffc13da0000 - 0x00007ffc13dae000 	C:\Program Files\Java\jdk-21\bin\sunmscapi.dll
0x00007ffc26160000 - 0x00007ffc262c6000 	C:\WINDOWS\System32\CRYPT32.dll
0x00007ffc25620000 - 0x00007ffc2564d000 	C:\WINDOWS\SYSTEM32\ncrypt.dll
0x00007ffc255e0000 - 0x00007ffc25617000 	C:\WINDOWS\SYSTEM32\NTASN1.dll
0x00007ffc140e0000 - 0x00007ffc140e8000 	C:\WINDOWS\system32\wshunix.dll

dbghelp: loaded successfully - version: 4.0.5 - missing functions: none
symbol engine: initialized successfully - sym options: 0x614 - pdb path: .;C:\Program Files\Java\jdk-21\bin;C:\WINDOWS\SYSTEM32;C:\WINDOWS\WinSxS\amd64_microsoft.windows.common-controls_6595b64144ccf1df_6.0.22621.4541_none_2710d1c57384c085;C:\Program Files\Java\jdk-21\bin\server;C:\Users\pcmake\.gradle\native\1def1411415f61bf3af743bc5b6707747c0891f09f0c88961ee8f79bc544acac\windows-amd64;C:\Users\pcmake\.gradle\native\0.2.6\x86_64-windows-gnu

VM Arguments:
jvm_args: --add-opens=java.base/java.lang=ALL-UNNAMED --add-opens=java.base/java.lang.invoke=ALL-UNNAMED --add-opens=java.base/java.util=ALL-UNNAMED --add-opens=java.prefs/java.util.prefs=ALL-UNNAMED --add-exports=jdk.compiler/com.sun.tools.javac.api=ALL-UNNAMED --add-exports=jdk.compiler/com.sun.tools.javac.util=ALL-UNNAMED --add-opens=java.base/java.util=ALL-UNNAMED --add-opens=java.prefs/java.util.prefs=ALL-UNNAMED --add-opens=java.base/java.nio.charset=ALL-UNNAMED --add-opens=java.base/java.net=ALL-UNNAMED --add-opens=java.base/java.util.concurrent.atomic=ALL-UNNAMED --add-opens=java.xml/javax.xml.namespace=ALL-UNNAMED -XX:MaxMetaspaceSize=384m -XX:+HeapDumpOnOutOfMemoryError -Xms256m -Xmx512m -Dfile.encoding=windows-1252 -Duser.country=IN -Duser.language=en -Duser.variant -javaagent:C:\Users\pcmake\.gradle\wrapper\dists\gradle-8.12.1-bin\eumc4uhoysa37zql93vfjkxy0\gradle-8.12.1\lib\agents\gradle-instrumentation-agent-8.12.1.jar 
java_command: org.gradle.launcher.daemon.bootstrap.GradleDaemon 8.12.1
java_class_path (initial): C:\Users\pcmake\.gradle\wrapper\dists\gradle-8.12.1-bin\eumc4uhoysa37zql93vfjkxy0\gradle-8.12.1\lib\gradle-daemon-main-8.12.1.jar
Launcher Type: SUN_STANDARD

[Global flags]
     intx CICompilerCount                          = 3                                         {product} {ergonomic}
   size_t CompressedClassSpaceSize                 = 335544320                                 {product} {ergonomic}
     uint ConcGCThreads                            = 1                                         {product} {ergonomic}
     uint G1ConcRefinementThreads                  = 4                                         {product} {ergonomic}
   size_t G1HeapRegionSize                         = 1048576                                   {product} {ergonomic}
    uintx GCDrainStackTargetSize                   = 64                                        {product} {ergonomic}
     bool HeapDumpOnOutOfMemoryError               = true                                   {manageable} {command line}
   size_t InitialHeapSize                          = 268435456                                 {product} {command line}
   size_t MarkStackSize                            = 4194304                                   {product} {ergonomic}
   size_t MaxHeapSize                              = 536870912                                 {product} {command line}
   size_t MaxMetaspaceSize                         = 402653184                                 {product} {command line}
   size_t MaxNewSize                               = 321912832                                 {product} {ergonomic}
   size_t MinHeapDeltaBytes                        = 1048576                                   {product} {ergonomic}
   size_t MinHeapSize                              = 268435456                                 {product} {command line}
    uintx NonNMethodCodeHeapSize                   = 5832780                                {pd product} {ergonomic}
    uintx NonProfiledCodeHeapSize                  = 122912730                              {pd product} {ergonomic}
    uintx ProfiledCodeHeapSize                     = 122912730                              {pd product} {ergonomic}
    uintx ReservedCodeCacheSize                    = 251658240                              {pd product} {ergonomic}
     bool SegmentedCodeCache                       = true                                      {product} {ergonomic}
   size_t SoftMaxHeapSize                          = 536870912                              {manageable} {ergonomic}
     bool UseCompressedOops                        = true                           {product lp64_product} {ergonomic}
     bool UseG1GC                                  = true                                      {product} {ergonomic}
     bool UseLargePagesIndividualAllocation        = false                                  {pd product} {ergonomic}

Logging:
Log output configuration:
 #0: stdout all=warning uptime,level,tags foldmultilines=false
 #1: stderr all=off uptime,level,tags foldmultilines=false

Environment Variables:
PATH=C:\Program Files\Common Files\Oracle\Java\javapath;C:\WINDOWS\system32;C:\WINDOWS;C:\WINDOWS\System32\Wbem;C:\WINDOWS\System32\WindowsPowerShell\v1.0\;C:\WINDOWS\System32\OpenSSH\;C:\Program Files\dotnet\;C:\Program Files\Git\cmd;C:\maven\apache-maven-3.9.6-bin\apache-maven-3.9.6\bin;C:\Program Files\Java\jdk-21\bin;C:\Program Files\MySQL\MySQL Server 8.0\bin;C:\Program Files\nodejs\;C:\Program Files\PostgreSQL\17\bin;C:\Users\pcmake\AppData\Local\Programs\Python\Python312\Scripts\;C:\Users\pcmake\AppData\Local\Programs\Python\Python312\;C:\Users\pcmake\AppData\Local\Programs\Python\Launcher\;C:\Program Files\MySQL\MySQL Shell 8.0\bin\;C:\Users\pcmake\AppData\Local\Microsoft\WindowsApps;C:\Program Files\Git\bin\git;C:\Program Files\JetBrains\IntelliJ IDEA Community Edition 2023.3.6\bin;;C:\Users\pcmake\AppData\Local\Programs\Microsoft VS Code\bin;C:\Users\pcmake\AppData\Roaming\npm;
USERNAME=pcmake
OS=Windows_NT
PROCESSOR_IDENTIFIER=Intel64 Family 6 Model 126 Stepping 5, GenuineIntel
TMP=C:\Users\pcmake\AppData\Local\Temp
TEMP=C:\Users\pcmake\AppData\Local\Temp




Periodic native trim disabled

---------------  S Y S T E M  ---------------

OS:
 Windows 11 , 64 bit Build 22621 (10.0.22621.4391)
OS uptime: 17 days 23:25 hours

CPU: total 4 (initial active 4) (2 cores per cpu, 2 threads per core) family 6 model 126 stepping 5 microcode 0xc6, cx8, cmov, fxsr, ht, mmx, 3dnowpref, sse, sse2, sse3, ssse3, sse4.1, sse4.2, popcnt, lzcnt, tsc, tscinvbit, avx, avx2, aes, erms, clmul, bmi1, bmi2, adx, avx512f, avx512dq, avx512cd, avx512bw, avx512vl, sha, fma, vzeroupper, avx512_vpopcntdq, avx512_vpclmulqdq, avx512_vaes, avx512_vnni, clflush, clflushopt, avx512_vbmi2, avx512_vbmi, rdtscp, rdpid, fsrm, gfni, avx512_bitalg, f16c, pku, avx512_ifma
Processor Information for all 4 processors :
  Max Mhz: 1190, Current Mhz: 1190, Mhz Limit: 1190

Memory: 4k page, system-wide physical 3863M (192M free)
TotalPageFile size 13863M (AvailPageFile size 4M)
current process WorkingSet (physical memory assigned to process): 242M, peak: 259M
current process commit charge ("private bytes"): 433M, peak: 434M

vm_info: Java HotSpot(TM) 64-Bit Server VM (21.0.2+13-LTS-58) for windows-amd64 JRE (21.0.2+13-LTS-58), built on 2024-01-05T18:32:24Z by "mach5one" with MS VC++ 17.1 (VS2022)

END.
